TN:
SF:src/activities/issue-activities.ts
FN:29,findIssue
FN:100,withTelemetry
FN:271,prepareIssue
FN:334,(anonymous_3)
FN:335,(anonymous_4)
FN:339,(anonymous_5)
FN:439,spawnAgent
FN:594,monitorAgentHeartbeat
FN:669,runTests
FN:883,moveToReview
FN:927,(anonymous_10)
FN:928,(anonymous_11)
FN:932,(anonymous_12)
FN:1011,mergeCode
FN:1104,(anonymous_14)
FN:1105,(anonymous_15)
FN:1109,(anonymous_16)
FN:1212,recordCompletion
FN:1355,captureFailure
FN:1453,(anonymous_19)
FN:1454,(anonymous_20)
FN:1458,(anonymous_21)
FN:1505,sleep
FN:1506,(anonymous_23)
FNF:24
FNH:0
FNDA:0,findIssue
FNDA:0,withTelemetry
FNDA:0,prepareIssue
FNDA:0,(anonymous_3)
FNDA:0,(anonymous_4)
FNDA:0,(anonymous_5)
FNDA:0,spawnAgent
FNDA:0,monitorAgentHeartbeat
FNDA:0,runTests
FNDA:0,moveToReview
FNDA:0,(anonymous_10)
FNDA:0,(anonymous_11)
FNDA:0,(anonymous_12)
FNDA:0,mergeCode
FNDA:0,(anonymous_14)
FNDA:0,(anonymous_15)
FNDA:0,(anonymous_16)
FNDA:0,recordCompletion
FNDA:0,captureFailure
FNDA:0,(anonymous_19)
FNDA:0,(anonymous_20)
FNDA:0,(anonymous_21)
FNDA:0,sleep
FNDA:0,(anonymous_23)
DA:20,0
DA:23,0
DA:35,0
DA:37,0
DA:38,0
DA:40,0
DA:41,0
DA:42,0
DA:44,0
DA:47,0
DA:48,0
DA:49,0
DA:51,0
DA:55,0
DA:57,0
DA:58,0
DA:59,0
DA:61,0
DA:64,0
DA:66,0
DA:67,0
DA:68,0
DA:70,0
DA:77,0
DA:85,0
DA:90,0
DA:92,0
DA:93,0
DA:106,0
DA:107,0
DA:108,0
DA:109,0
DA:112,0
DA:126,0
DA:127,0
DA:128,0
DA:131,0
DA:145,0
DA:147,0
DA:150,0
DA:166,0
DA:274,0
DA:275,0
DA:276,0
DA:277,0
DA:279,0
DA:285,0
DA:300,0
DA:303,0
DA:305,0
DA:313,0
DA:314,0
DA:318,0
DA:327,0
DA:329,0
DA:330,0
DA:331,0
DA:334,0
DA:335,0
DA:339,0
DA:340,0
DA:341,0
DA:345,0
DA:346,0
DA:349,0
DA:350,0
DA:352,0
DA:356,0
DA:357,0
DA:358,0
DA:359,0
DA:360,0
DA:362,0
DA:363,0
DA:365,0
DA:368,0
DA:370,0
DA:376,0
DA:378,0
DA:384,0
DA:399,0
DA:401,0
DA:403,0
DA:409,0
DA:425,0
DA:442,0
DA:443,0
DA:444,0
DA:445,0
DA:447,0
DA:453,0
DA:468,0
DA:470,0
DA:471,0
DA:474,0
DA:476,0
DA:478,0
DA:479,0
DA:481,0
DA:483,0
DA:484,0
DA:487,0
DA:488,0
DA:491,0
DA:492,0
DA:496,0
DA:497,0
DA:498,0
DA:500,0
DA:502,0
DA:503,0
DA:504,0
DA:506,0
DA:507,0
DA:511,0
DA:513,0
DA:515,0
DA:516,0
DA:517,0
DA:518,0
DA:521,0
DA:525,0
DA:526,0
DA:528,0
DA:533,0
DA:535,0
DA:541,0
DA:556,0
DA:558,0
DA:560,0
DA:566,0
DA:582,0
DA:597,0
DA:599,0
DA:604,0
DA:606,0
DA:607,0
DA:609,0
DA:611,0
DA:613,0
DA:618,0
DA:620,0
DA:622,0
DA:627,0
DA:630,0
DA:632,0
DA:637,0
DA:640,0
DA:643,0
DA:648,0
DA:651,0
DA:655,0
DA:670,0
DA:671,0
DA:672,0
DA:673,0
DA:675,0
DA:681,0
DA:695,0
DA:697,0
DA:700,0
DA:702,0
DA:703,0
DA:704,0
DA:706,0
DA:707,0
DA:711,0
DA:712,0
DA:714,0
DA:715,0
DA:716,0
DA:717,0
DA:719,0
DA:722,0
DA:724,0
DA:730,0
DA:732,0
DA:738,0
DA:752,0
DA:756,0
DA:758,0
DA:759,0
DA:760,0
DA:762,0
DA:764,0
DA:769,0
DA:770,0
DA:780,0
DA:781,0
DA:783,0
DA:784,0
DA:787,0
DA:788,0
DA:791,0
DA:794,0
DA:795,0
DA:798,0
DA:799,0
DA:801,0
DA:802,0
DA:805,0
DA:806,0
DA:810,0
DA:811,0
DA:814,0
DA:817,0
DA:823,0
DA:825,0
DA:831,0
DA:845,0
DA:847,0
DA:849,0
DA:855,0
DA:870,0
DA:886,0
DA:888,0
DA:893,0
DA:896,0
DA:898,0
DA:905,0
DA:914,0
DA:917,0
DA:918,0
DA:919,0
DA:921,0
DA:922,0
DA:927,0
DA:928,0
DA:932,0
DA:933,0
DA:934,0
DA:935,0
DA:937,0
DA:941,0
DA:942,0
DA:944,0
DA:945,0
DA:946,0
DA:948,0
DA:949,0
DA:953,0
DA:955,0
DA:956,0
DA:957,0
DA:958,0
DA:961,0
DA:962,0
DA:963,0
DA:971,0
DA:972,0
DA:974,0
DA:978,0
DA:979,0
DA:981,0
DA:986,0
DA:991,0
DA:993,0
DA:997,0
DA:1014,0
DA:1015,0
DA:1016,0
DA:1017,0
DA:1019,0
DA:1025,0
DA:1039,0
DA:1042,0
DA:1044,0
DA:1047,0
DA:1048,0
DA:1049,0
DA:1051,0
DA:1052,0
DA:1056,0
DA:1057,0
DA:1059,0
DA:1060,0
DA:1061,0
DA:1063,0
DA:1064,0
DA:1069,0
DA:1070,0
DA:1071,0
DA:1072,0
DA:1074,0
DA:1075,0
DA:1079,0
DA:1081,0
DA:1088,0
DA:1097,0
DA:1099,0
DA:1100,0
DA:1101,0
DA:1104,0
DA:1105,0
DA:1109,0
DA:1110,0
DA:1111,0
DA:1112,0
DA:1114,0
DA:1118,0
DA:1119,0
DA:1121,0
DA:1122,0
DA:1124,0
DA:1128,0
DA:1130,0
DA:1131,0
DA:1137,0
DA:1138,0
DA:1139,0
DA:1141,0
DA:1142,0
DA:1144,0
DA:1147,0
DA:1152,0
DA:1154,0
DA:1160,0
DA:1174,0
DA:1176,0
DA:1178,0
DA:1184,0
DA:1199,0
DA:1215,0
DA:1216,0
DA:1217,0
DA:1219,0
DA:1224,0
DA:1227,0
DA:1231,0
DA:1240,0
DA:1274,0
DA:1277,0
DA:1279,0
DA:1286,0
DA:1288,0
DA:1289,0
DA:1290,0
DA:1299,0
DA:1300,0
DA:1301,0
DA:1303,0
DA:1304,0
DA:1306,0
DA:1310,0
DA:1327,0
DA:1338,0
DA:1342,0
DA:1356,0
DA:1357,0
DA:1358,0
DA:1360,0
DA:1365,0
DA:1368,0
DA:1374,0
DA:1406,0
DA:1409,0
DA:1411,0
DA:1418,0
DA:1420,0
DA:1421,0
DA:1428,0
DA:1429,0
DA:1430,0
DA:1432,0
DA:1433,0
DA:1435,0
DA:1439,0
DA:1448,0
DA:1449,0
DA:1450,0
DA:1453,0
DA:1454,0
DA:1458,0
DA:1459,0
DA:1460,0
DA:1463,0
DA:1464,0
DA:1466,0
DA:1467,0
DA:1469,0
DA:1473,0
DA:1489,0
DA:1494,0
DA:1506,0
LF:384
LH:0
BRDA:44,0,0,0
BRDA:61,1,0,0
BRDA:313,2,0,0
BRDA:313,3,0,0
BRDA:313,3,1,0
BRDA:340,4,0,0
BRDA:340,5,0,0
BRDA:340,5,1,0
BRDA:358,6,0,0
BRDA:358,6,1,0
BRDA:481,7,0,0
BRDA:481,7,1,0
BRDA:618,8,0,0
BRDA:618,8,1,0
BRDA:722,9,0,0
BRDA:783,10,0,0
BRDA:787,11,0,0
BRDA:801,12,0,0
BRDA:805,13,0,0
BRDA:810,14,0,0
BRDA:810,15,0,0
BRDA:810,15,1,0
BRDA:933,16,0,0
BRDA:933,16,1,0
BRDA:933,17,0,0
BRDA:933,17,1,0
BRDA:956,18,0,0
BRDA:956,18,1,0
BRDA:961,19,0,0
BRDA:962,20,0,0
BRDA:962,20,1,0
BRDA:1110,21,0,0
BRDA:1110,21,1,0
BRDA:1110,22,0,0
BRDA:1110,22,1,0
BRDA:1137,23,0,0
BRDA:1137,23,1,0
BRDA:1227,24,0,0
BRDA:1227,24,1,0
BRDA:1265,25,0,0
BRDA:1265,25,1,0
BRDA:1289,26,0,0
BRDA:1289,26,1,0
BRDA:1299,27,0,0
BRDA:1299,27,1,0
BRDA:1395,28,0,0
BRDA:1395,28,1,0
BRDA:1428,29,0,0
BRDA:1428,29,1,0
BRDA:1459,30,0,0
BRDA:1459,31,0,0
BRDA:1459,31,1,0
BRF:52
BRH:0
end_of_record
TN:
SF:src/agents/index.ts
FN:11,main
FN:35,(anonymous_1)
FN:46,(anonymous_2)
FN:52,(anonymous_3)
FN:69,(anonymous_4)
FNF:5
FNH:0
FNDA:0,main
FNDA:0,(anonymous_1)
FNDA:0,(anonymous_2)
FNDA:0,(anonymous_3)
FNDA:0,(anonymous_4)
DA:6,0
DA:13,0
DA:14,0
DA:16,0
DA:18,0
DA:19,0
DA:20,0
DA:21,0
DA:22,0
DA:25,0
DA:32,0
DA:35,0
DA:36,0
DA:37,0
DA:38,0
DA:41,0
DA:42,0
DA:43,0
DA:46,0
DA:47,0
DA:48,0
DA:49,0
DA:52,0
DA:53,0
DA:59,0
DA:60,0
DA:62,0
DA:65,0
DA:69,0
DA:70,0
DA:73,0
LF:31
LH:0
BRDA:13,0,0,0
BRDA:13,0,1,0
BRDA:14,1,0,0
BRDA:14,1,1,0
BRDA:14,1,2,0
BRDA:16,2,0,0
BRDA:16,2,1,0
BRDA:16,2,2,0
BRDA:18,3,0,0
BRDA:54,4,0,0
BRDA:54,4,1,0
BRDA:63,5,0,0
BRDA:63,5,1,0
BRDA:71,6,0,0
BRDA:71,6,1,0
BRF:15
BRH:0
end_of_record
TN:
SF:src/agents/worktree-agent.ts
FN:34,(anonymous_0)
FN:48,(anonymous_1)
FN:65,(anonymous_2)
FN:75,(anonymous_3)
FN:81,(anonymous_4)
FN:82,(anonymous_5)
FN:106,(anonymous_6)
FN:117,(anonymous_7)
FN:138,(anonymous_8)
FN:141,(anonymous_9)
FN:162,(anonymous_10)
FN:167,(anonymous_11)
FN:175,(anonymous_12)
FN:209,(anonymous_13)
FN:243,(anonymous_14)
FN:253,(anonymous_15)
FN:271,(anonymous_16)
FN:276,(anonymous_17)
FN:284,(anonymous_18)
FN:305,(anonymous_19)
FNF:20
FNH:0
FNDA:0,(anonymous_0)
FNDA:0,(anonymous_1)
FNDA:0,(anonymous_2)
FNDA:0,(anonymous_3)
FNDA:0,(anonymous_4)
FNDA:0,(anonymous_5)
FNDA:0,(anonymous_6)
FNDA:0,(anonymous_7)
FNDA:0,(anonymous_8)
FNDA:0,(anonymous_9)
FNDA:0,(anonymous_10)
FNDA:0,(anonymous_11)
FNDA:0,(anonymous_12)
FNDA:0,(anonymous_13)
FNDA:0,(anonymous_14)
FNDA:0,(anonymous_15)
FNDA:0,(anonymous_16)
FNDA:0,(anonymous_17)
FNDA:0,(anonymous_18)
FNDA:0,(anonymous_19)
DA:13,0
DA:14,0
DA:16,0
DA:25,0
DA:31,0
DA:32,0
DA:35,0
DA:36,0
DA:37,0
DA:40,0
DA:41,0
DA:42,0
DA:49,0
DA:51,0
DA:52,0
DA:53,0
DA:54,0
DA:55,0
DA:56,0
DA:58,0
DA:66,0
DA:68,0
DA:69,0
DA:71,0
DA:72,0
DA:73,0
DA:75,0
DA:76,0
DA:77,0
DA:78,0
DA:81,0
DA:82,0
DA:85,0
DA:88,0
DA:98,0
DA:100,0
DA:101,0
DA:102,0
DA:105,0
DA:106,0
DA:110,0
DA:111,0
DA:118,0
DA:119,0
DA:122,0
DA:123,0
DA:124,0
DA:126,0
DA:127,0
DA:129,0
DA:139,0
DA:141,0
DA:142,0
DA:143,0
DA:144,0
DA:146,0
DA:148,0
DA:149,0
DA:150,0
DA:151,0
DA:152,0
DA:153,0
DA:156,0
DA:162,0
DA:163,0
DA:164,0
DA:167,0
DA:168,0
DA:176,0
DA:177,0
DA:179,0
DA:184,0
DA:192,0
DA:196,0
DA:210,0
DA:211,0
DA:213,0
DA:218,0
DA:226,0
DA:230,0
DA:244,0
DA:245,0
DA:246,0
DA:254,0
DA:256,0
DA:257,0
DA:259,0
DA:266,0
DA:267,0
DA:271,0
DA:273,0
DA:276,0
DA:285,0
DA:288,0
DA:291,0
DA:292,0
DA:296,0
DA:299,0
DA:306,0
DA:307,0
DA:308,0
DA:309,0
LF:102
LH:0
BRDA:54,0,0,0
BRDA:54,0,1,0
BRDA:71,1,0,0
BRDA:71,1,1,0
BRDA:76,2,0,0
BRDA:103,3,0,0
BRDA:103,3,1,0
BRDA:118,4,0,0
BRDA:118,5,0,0
BRDA:118,5,1,0
BRDA:130,6,0,0
BRDA:130,6,1,0
BRDA:139,7,0,0
BRDA:148,8,0,0
BRDA:148,8,1,0
BRDA:149,9,0,0
BRDA:149,9,1,0
BRDA:150,10,0,0
BRDA:150,10,1,0
BRDA:152,11,0,0
BRDA:157,12,0,0
BRDA:157,12,1,0
BRDA:193,13,0,0
BRDA:193,13,1,0
BRDA:200,14,0,0
BRDA:200,14,1,0
BRDA:227,15,0,0
BRDA:227,15,1,0
BRDA:234,16,0,0
BRDA:234,16,1,0
BRDA:274,17,0,0
BRDA:274,17,1,0
BRDA:291,18,0,0
BRDA:307,19,0,0
BRF:34
BRH:0
end_of_record
TN:
SF:src/agents/collectors/docker-watcher.ts
FN:18,(anonymous_0)
FN:26,(anonymous_1)
FN:51,(anonymous_2)
FNF:3
FNH:0
FNDA:0,(anonymous_0)
FNDA:0,(anonymous_1)
FNDA:0,(anonymous_2)
DA:6,0
DA:14,0
DA:15,0
DA:16,0
DA:19,0
DA:20,0
DA:27,0
DA:28,0
DA:31,0
DA:33,0
DA:34,0
DA:35,0
DA:36,0
DA:37,0
DA:39,0
DA:40,0
DA:44,0
DA:52,0
DA:55,0
DA:56,0
DA:59,0
DA:61,0
DA:68,0
DA:70,0
DA:71,0
DA:72,0
DA:75,0
DA:76,0
DA:77,0
DA:78,0
DA:79,0
DA:80,0
DA:81,0
DA:88,0
DA:91,0
DA:92,0
DA:93,0
DA:94,0
DA:106,0
DA:117,0
DA:120,0
DA:121,0
DA:122,0
DA:123,0
DA:125,0
DA:129,0
LF:46
LH:0
BRDA:27,0,0,0
BRDA:41,1,0,0
BRDA:41,1,1,0
BRDA:55,2,0,0
BRDA:71,3,0,0
BRDA:71,3,1,0
BRDA:76,4,0,0
BRDA:80,5,0,0
BRDA:92,6,0,0
BRDA:92,6,1,0
BRDA:93,7,0,0
BRDA:120,8,0,0
BRDA:120,8,1,0
BRDA:121,9,0,0
BRDA:121,9,1,0
BRDA:121,10,0,0
BRDA:121,10,1,0
BRDA:121,10,2,0
BRF:18
BRH:0
end_of_record
TN:
SF:src/agents/collectors/git-watcher.ts
FN:18,(anonymous_0)
FN:25,(anonymous_1)
FN:80,(anonymous_2)
FNF:3
FNH:0
FNDA:0,(anonymous_0)
FNDA:0,(anonymous_1)
FNDA:0,(anonymous_2)
DA:7,0
DA:8,0
DA:15,0
DA:16,0
DA:19,0
DA:26,0
DA:28,0
DA:30,0
DA:35,0
DA:36,0
DA:37,0
DA:44,0
DA:48,0
DA:53,0
DA:54,0
DA:55,0
DA:56,0
DA:58,0
DA:59,0
DA:67,0
DA:72,0
DA:77,0
DA:80,0
DA:82,0
DA:83,0
DA:91,0
DA:96,0
LF:27
LH:0
BRDA:36,0,0,0
BRDA:36,1,0,0
BRDA:36,1,1,0
BRDA:54,2,0,0
BRDA:54,3,0,0
BRDA:54,3,1,0
BRDA:58,4,0,0
BRDA:82,5,0,0
BRDA:92,6,0,0
BRDA:92,6,1,0
BRF:10
BRH:0
end_of_record
TN:
SF:src/agents/collectors/health-checker.ts
FN:16,(anonymous_0)
FN:23,(anonymous_1)
FNF:2
FNH:0
FNDA:0,(anonymous_0)
FNDA:0,(anonymous_1)
DA:7,0
DA:8,0
DA:17,0
DA:24,0
DA:26,0
DA:28,0
DA:29,0
DA:30,0
DA:36,0
DA:45,0
DA:57,0
DA:58,0
DA:59,0
DA:65,0
DA:74,0
DA:85,0
DA:90,0
LF:17
LH:0
BRDA:28,0,0,0
BRDA:57,1,0,0
BRDA:86,2,0,0
BRDA:86,2,1,0
BRF:4
BRH:0
end_of_record
TN:
SF:src/config/index.ts
FN:82,loadConfig
FN:145,(anonymous_1)
FNF:2
FNH:0
FNDA:0,loadConfig
FNDA:0,(anonymous_1)
DA:7,0
DA:12,0
DA:83,0
DA:84,0
DA:132,0
DA:134,0
DA:141,0
DA:143,0
DA:144,0
DA:145,0
DA:150,0
DA:152,0
DA:159,0
LF:13
LH:0
BRDA:125,0,0,0
BRDA:125,0,1,0
BRDA:143,1,0,0
BRF:3
BRH:0
end_of_record
TN:
SF:src/config/repositories.ts
FN:37,getRepositoryConfig
FNF:1
FNH:0
FNDA:0,getRepositoryConfig
DA:16,0
DA:32,0
DA:38,0
DA:39,0
DA:40,0
DA:44,0
LF:6
LH:0
BRDA:39,0,0,0
BRF:1
BRH:0
end_of_record
TN:
SF:src/core/connection-manager.ts
FN:39,(anonymous_0)
FN:64,(anonymous_1)
FN:79,(anonymous_2)
FN:96,(anonymous_3)
FN:105,(anonymous_4)
FN:125,(anonymous_5)
FN:145,(anonymous_6)
FN:179,(anonymous_7)
FN:196,(anonymous_8)
FN:203,(anonymous_9)
FN:210,(anonymous_10)
FN:217,(anonymous_11)
FN:224,(anonymous_12)
FN:235,(anonymous_13)
FNF:14
FNH:0
FNDA:0,(anonymous_0)
FNDA:0,(anonymous_1)
FNDA:0,(anonymous_2)
FNDA:0,(anonymous_3)
FNDA:0,(anonymous_4)
FNDA:0,(anonymous_5)
FNDA:0,(anonymous_6)
FNDA:0,(anonymous_7)
FNDA:0,(anonymous_8)
FNDA:0,(anonymous_9)
FNDA:0,(anonymous_10)
FNDA:0,(anonymous_11)
FNDA:0,(anonymous_12)
FNDA:0,(anonymous_13)
DA:5,0
DA:25,0
DA:28,0
DA:31,0
DA:34,0
DA:40,0
DA:42,0
DA:51,0
DA:54,0
DA:65,0
DA:67,0
DA:68,0
DA:69,0
DA:70,0
DA:73,0
DA:80,0
DA:81,0
DA:83,0
DA:86,0
DA:97,0
DA:98,0
DA:99,0
DA:106,0
DA:107,0
DA:108,0
DA:109,0
DA:112,0
DA:113,0
DA:115,0
DA:118,0
DA:126,0
DA:127,0
DA:128,0
DA:129,0
DA:132,0
DA:133,0
DA:135,0
DA:138,0
DA:149,0
DA:151,0
DA:153,0
DA:154,0
DA:155,0
DA:156,0
DA:160,0
DA:161,0
DA:163,0
DA:166,0
DA:171,0
DA:172,0
DA:180,0
DA:181,0
DA:182,0
DA:183,0
DA:186,0
DA:187,0
DA:190,0
DA:197,0
DA:204,0
DA:211,0
DA:218,0
DA:225,0
DA:226,0
DA:227,0
DA:228,0
DA:236,0
DA:237,0
DA:238,0
DA:239,0
DA:245,0
LF:70
LH:0
BRDA:68,0,0,0
BRDA:107,1,0,0
BRDA:116,2,0,0
BRDA:116,2,1,0
BRDA:127,3,0,0
BRDA:136,4,0,0
BRDA:136,4,1,0
BRDA:153,5,0,0
BRDA:155,6,0,0
BRDA:155,7,0,0
BRDA:155,7,1,0
BRDA:164,8,0,0
BRDA:164,8,1,0
BRDA:181,9,0,0
BRDA:226,10,0,0
BRDA:237,11,0,0
BRF:16
BRH:0
end_of_record
TN:
SF:src/core/swarm-orchestrator.ts
FN:33,(anonymous_0)
FN:45,(anonymous_1)
FN:128,(anonymous_2)
FN:149,(anonymous_3)
FN:204,(anonymous_4)
FN:207,(anonymous_5)
FN:211,(anonymous_6)
FN:215,(anonymous_7)
FN:223,(anonymous_8)
FN:224,(anonymous_9)
FN:309,(anonymous_10)
FN:321,(anonymous_11)
FN:357,(anonymous_12)
FN:390,(anonymous_13)
FN:413,(anonymous_14)
FN:458,(anonymous_15)
FN:482,(anonymous_16)
FN:518,(anonymous_17)
FN:525,(anonymous_18)
FN:537,(anonymous_19)
FN:538,(anonymous_20)
FN:567,(anonymous_21)
FN:588,getSwarmOrchestrator
FNF:23
FNH:0
FNDA:0,(anonymous_0)
FNDA:0,(anonymous_1)
FNDA:0,(anonymous_2)
FNDA:0,(anonymous_3)
FNDA:0,(anonymous_4)
FNDA:0,(anonymous_5)
FNDA:0,(anonymous_6)
FNDA:0,(anonymous_7)
FNDA:0,(anonymous_8)
FNDA:0,(anonymous_9)
FNDA:0,(anonymous_10)
FNDA:0,(anonymous_11)
FNDA:0,(anonymous_12)
FNDA:0,(anonymous_13)
FNDA:0,(anonymous_14)
FNDA:0,(anonymous_15)
FNDA:0,(anonymous_16)
FNDA:0,(anonymous_17)
FNDA:0,(anonymous_18)
FNDA:0,(anonymous_19)
FNDA:0,(anonymous_20)
FNDA:0,(anonymous_21)
FNDA:0,getSwarmOrchestrator
DA:8,0
DA:30,0
DA:31,0
DA:34,0
DA:36,0
DA:39,0
DA:46,0
DA:47,0
DA:53,0
DA:54,0
DA:55,0
DA:58,0
DA:77,0
DA:78,0
DA:81,0
DA:84,0
DA:86,0
DA:97,0
DA:99,0
DA:100,0
DA:104,0
DA:107,0
DA:116,0
DA:119,0
DA:121,0
DA:128,0
DA:131,0
DA:136,0
DA:138,0
DA:142,0
DA:150,0
DA:151,0
DA:152,0
DA:154,0
DA:156,0
DA:188,0
DA:189,0
DA:191,0
DA:193,0
DA:197,0
DA:205,0
DA:207,0
DA:208,0
DA:211,0
DA:212,0
DA:215,0
DA:216,0
DA:224,0
DA:225,0
DA:226,0
DA:228,0
DA:229,0
DA:230,0
DA:231,0
DA:235,0
DA:237,0
DA:238,0
DA:243,0
DA:247,0
DA:248,0
DA:249,0
DA:250,0
DA:254,0
DA:255,0
DA:256,0
DA:257,0
DA:260,0
DA:268,0
DA:269,0
DA:270,0
DA:274,0
DA:281,0
DA:282,0
DA:283,0
DA:288,0
DA:290,0
DA:296,0
DA:303,0
DA:310,0
DA:311,0
DA:312,0
DA:314,0
DA:322,0
DA:324,0
DA:325,0
DA:326,0
DA:327,0
DA:334,0
DA:335,0
DA:342,0
DA:346,0
DA:358,0
DA:363,0
DA:364,0
DA:372,0
DA:373,0
DA:374,0
DA:377,0
DA:379,0
DA:391,0
DA:396,0
DA:401,0
DA:402,0
DA:403,0
DA:404,0
DA:407,0
DA:418,0
DA:419,0
DA:421,0
DA:422,0
DA:425,0
DA:427,0
DA:428,0
DA:429,0
DA:430,0
DA:431,0
DA:432,0
DA:434,0
DA:441,0
DA:447,0
DA:451,0
DA:459,0
DA:460,0
DA:462,0
DA:464,0
DA:465,0
DA:469,0
DA:470,0
DA:471,0
DA:472,0
DA:476,0
DA:477,0
DA:479,0
DA:482,0
DA:485,0
DA:486,0
DA:490,0
DA:493,0
DA:498,0
DA:503,0
DA:505,0
DA:507,0
DA:511,0
DA:519,0
DA:526,0
DA:538,0
DA:539,0
DA:540,0
DA:542,0
DA:543,0
DA:548,0
DA:550,0
DA:551,0
DA:557,0
DA:568,0
DA:570,0
DA:572,0
DA:573,0
DA:574,0
DA:576,0
DA:586,0
DA:589,0
DA:590,0
DA:592,0
LF:164
LH:0
BRDA:34,0,0,0
BRDA:34,0,1,0
BRDA:59,1,0,0
BRDA:59,1,1,0
BRDA:70,2,0,0
BRDA:70,2,1,0
BRDA:71,3,0,0
BRDA:71,3,1,0
BRDA:99,4,0,0
BRDA:140,5,0,0
BRDA:140,5,1,0
BRDA:154,6,0,0
BRDA:154,6,1,0
BRDA:195,7,0,0
BRDA:195,7,1,0
BRDA:205,8,0,0
BRDA:205,8,1,0
BRDA:228,9,0,0
BRDA:237,10,0,0
BRDA:262,11,0,0
BRDA:262,11,1,0
BRDA:263,12,0,0
BRDA:263,12,1,0
BRDA:268,13,0,0
BRDA:276,14,0,0
BRDA:276,14,1,0
BRDA:292,15,0,0
BRDA:292,15,1,0
BRDA:298,16,0,0
BRDA:298,16,1,0
BRDA:344,17,0,0
BRDA:344,17,1,0
BRDA:363,18,0,0
BRDA:363,19,0,0
BRDA:363,19,1,0
BRDA:381,20,0,0
BRDA:381,20,1,0
BRDA:402,21,0,0
BRDA:421,22,0,0
BRDA:428,23,0,0
BRDA:436,24,0,0
BRDA:436,24,1,0
BRDA:449,25,0,0
BRDA:449,25,1,0
BRDA:464,26,0,0
BRDA:470,27,0,0
BRDA:476,28,0,0
BRDA:485,29,0,0
BRDA:509,30,0,0
BRDA:509,30,1,0
BRDA:550,31,0,0
BRDA:558,32,0,0
BRDA:558,32,1,0
BRDA:578,33,0,0
BRDA:578,33,1,0
BRDA:589,34,0,0
BRF:56
BRH:0
end_of_record
TN:
SF:src/core/test-parsers.ts
FN:9,parseJestOutput
FN:39,parseJestJson
FN:56,(anonymous_2)
FN:57,(anonymous_3)
FN:58,(anonymous_4)
FN:71,parseJestText
FN:99,parseJestCoverage
FN:141,parsePlaywrightOutput
FN:171,parsePlaywrightJson
FN:175,extractTests
FN:212,(anonymous_10)
FN:213,(anonymous_11)
FN:214,(anonymous_12)
FN:227,parsePlaywrightText
FN:257,parsePytestOutput
FN:299,parseGenericOutput
FNF:16
FNH:0
FNDA:0,parseJestOutput
FNDA:0,parseJestJson
FNDA:0,(anonymous_2)
FNDA:0,(anonymous_3)
FNDA:0,(anonymous_4)
FNDA:0,parseJestText
FNDA:0,parseJestCoverage
FNDA:0,parsePlaywrightOutput
FNDA:0,parsePlaywrightJson
FNDA:0,extractTests
FNDA:0,(anonymous_10)
FNDA:0,(anonymous_11)
FNDA:0,(anonymous_12)
FNDA:0,parsePlaywrightText
FNDA:0,parsePytestOutput
FNDA:0,parseGenericOutput
DA:4,0
DA:10,0
DA:12,0
DA:13,0
DA:14,0
DA:15,0
DA:19,0
DA:21,0
DA:25,0
DA:40,0
DA:41,0
DA:43,0
DA:44,0
DA:45,0
DA:52,0
DA:56,0
DA:57,0
DA:58,0
DA:60,0
DA:72,0
DA:75,0
DA:76,0
DA:77,0
DA:78,0
DA:81,0
DA:82,0
DA:84,0
DA:100,0
DA:101,0
DA:102,0
DA:104,0
DA:105,0
DA:108,0
DA:131,0
DA:134,0
DA:142,0
DA:144,0
DA:145,0
DA:146,0
DA:147,0
DA:151,0
DA:153,0
DA:157,0
DA:172,0
DA:173,0
DA:176,0
DA:177,0
DA:178,0
DA:185,0
DA:186,0
DA:187,0
DA:188,0
DA:189,0
DA:191,0
DA:192,0
DA:193,0
DA:194,0
DA:195,0
DA:196,0
DA:201,0
DA:204,0
DA:205,0
DA:210,0
DA:212,0
DA:213,0
DA:214,0
DA:216,0
DA:229,0
DA:230,0
DA:231,0
DA:233,0
DA:234,0
DA:235,0
DA:236,0
DA:239,0
DA:240,0
DA:242,0
DA:258,0
DA:260,0
DA:262,0
DA:263,0
DA:264,0
DA:265,0
DA:267,0
DA:278,0
DA:282,0
DA:300,0
LF:87
LH:0
BRDA:13,0,0,0
BRDA:22,1,0,0
BRDA:22,1,1,0
BRDA:43,2,0,0
BRDA:43,2,1,0
BRDA:44,3,0,0
BRDA:44,3,1,0
BRDA:46,4,0,0
BRDA:46,4,1,0
BRDA:48,5,0,0
BRDA:48,5,1,0
BRDA:48,6,0,0
BRDA:48,6,1,0
BRDA:49,7,0,0
BRDA:49,7,1,0
BRDA:52,8,0,0
BRDA:52,8,1,0
BRDA:76,9,0,0
BRDA:76,9,1,0
BRDA:77,10,0,0
BRDA:77,10,1,0
BRDA:78,11,0,0
BRDA:78,11,1,0
BRDA:82,12,0,0
BRDA:82,12,1,0
BRDA:104,13,0,0
BRDA:110,14,0,0
BRDA:110,14,1,0
BRDA:111,15,0,0
BRDA:111,15,1,0
BRDA:112,16,0,0
BRDA:112,16,1,0
BRDA:115,17,0,0
BRDA:115,17,1,0
BRDA:116,18,0,0
BRDA:116,18,1,0
BRDA:117,19,0,0
BRDA:117,19,1,0
BRDA:120,20,0,0
BRDA:120,20,1,0
BRDA:121,21,0,0
BRDA:121,21,1,0
BRDA:122,22,0,0
BRDA:122,22,1,0
BRDA:125,23,0,0
BRDA:125,23,1,0
BRDA:126,24,0,0
BRDA:126,24,1,0
BRDA:127,25,0,0
BRDA:127,25,1,0
BRDA:132,26,0,0
BRDA:132,26,1,0
BRDA:145,27,0,0
BRDA:154,28,0,0
BRDA:154,28,1,0
BRDA:176,29,0,0
BRDA:176,29,1,0
BRDA:177,30,0,0
BRDA:177,30,1,0
BRDA:185,31,0,0
BRDA:185,31,1,0
BRDA:187,32,0,0
BRDA:188,33,0,0
BRDA:188,33,1,0
BRDA:189,34,0,0
BRDA:189,34,1,0
BRDA:191,35,0,0
BRDA:191,35,1,0
BRDA:195,36,0,0
BRDA:204,37,0,0
BRDA:210,38,0,0
BRDA:210,38,1,0
BRDA:233,39,0,0
BRDA:233,39,1,0
BRDA:234,40,0,0
BRDA:234,40,1,0
BRDA:235,41,0,0
BRDA:235,41,1,0
BRDA:240,42,0,0
BRDA:240,42,1,0
BRDA:262,43,0,0
BRDA:262,43,1,0
BRDA:263,44,0,0
BRDA:263,44,1,0
BRDA:264,45,0,0
BRDA:264,45,1,0
BRDA:279,46,0,0
BRDA:279,46,1,0
BRF:88
BRH:0
end_of_record
TN:
SF:src/core/test-runner.ts
FN:28,(anonymous_0)
FN:52,(anonymous_1)
FN:65,(anonymous_2)
FN:134,(anonymous_3)
FN:135,(anonymous_4)
FN:153,(anonymous_5)
FN:157,(anonymous_6)
FN:161,(anonymous_7)
FN:223,(anonymous_8)
FN:247,(anonymous_9)
FN:318,(anonymous_10)
FN:337,(anonymous_11)
FN:356,(anonymous_12)
FN:364,(anonymous_13)
FN:371,(anonymous_14)
FN:378,(anonymous_15)
FN:386,getTestRunner
FNF:17
FNH:0
FNDA:0,(anonymous_0)
FNDA:0,(anonymous_1)
FNDA:0,(anonymous_2)
FNDA:0,(anonymous_3)
FNDA:0,(anonymous_4)
FNDA:0,(anonymous_5)
FNDA:0,(anonymous_6)
FNDA:0,(anonymous_7)
FNDA:0,(anonymous_8)
FNDA:0,(anonymous_9)
FNDA:0,(anonymous_10)
FNDA:0,(anonymous_11)
FNDA:0,(anonymous_12)
FNDA:0,(anonymous_13)
FNDA:0,(anonymous_14)
FNDA:0,(anonymous_15)
FNDA:0,getTestRunner
DA:15,0
DA:23,0
DA:35,0
DA:37,0
DA:44,0
DA:52,0
DA:53,0
DA:59,0
DA:70,0
DA:71,0
DA:73,0
DA:74,0
DA:76,0
DA:77,0
DA:78,0
DA:82,0
DA:85,0
DA:90,0
DA:93,0
DA:100,0
DA:109,0
DA:114,0
DA:135,0
DA:136,0
DA:137,0
DA:138,0
DA:140,0
DA:147,0
DA:153,0
DA:154,0
DA:157,0
DA:158,0
DA:161,0
DA:162,0
DA:164,0
DA:173,0
DA:174,0
DA:176,0
DA:178,0
DA:179,0
DA:180,0
DA:181,0
DA:185,0
DA:188,0
DA:189,0
DA:192,0
DA:193,0
DA:196,0
DA:200,0
DA:202,0
DA:204,0
DA:209,0
DA:223,0
DA:224,0
DA:229,0
DA:248,0
DA:304,0
DA:319,0
DA:320,0
DA:331,0
DA:332,0
DA:336,0
DA:337,0
DA:346,0
DA:347,0
DA:348,0
DA:349,0
DA:350,0
DA:351,0
DA:352,0
DA:356,0
DA:358,0
DA:365,0
DA:372,0
DA:379,0
DA:384,0
DA:387,0
DA:388,0
DA:390,0
LF:79
LH:0
BRDA:55,0,0,0
BRDA:55,0,1,0
BRDA:85,1,0,0
BRDA:85,1,1,0
BRDA:90,2,0,0
BRDA:90,2,1,0
BRDA:111,3,0,0
BRDA:111,3,1,0
BRDA:124,4,0,0
BRDA:124,4,1,0
BRDA:174,5,0,0
BRDA:174,5,1,0
BRDA:174,5,2,0
BRDA:174,5,3,0
BRDA:206,6,0,0
BRDA:206,6,1,0
BRDA:305,7,0,0
BRDA:305,7,1,0
BRDA:319,8,0,0
BRDA:331,9,0,0
BRDA:371,10,0,0
BRDA:378,11,0,0
BRDA:387,12,0,0
BRF:23
BRH:0
end_of_record
TN:
SF:src/core/worktree-manager.ts
FN:57,(anonymous_0)
FN:257,(anonymous_1)
FN:460,(anonymous_2)
FN:475,(anonymous_3)
FN:587,(anonymous_4)
FN:621,(anonymous_5)
FNF:6
FNH:0
FNDA:0,(anonymous_0)
FNDA:0,(anonymous_1)
FNDA:0,(anonymous_2)
FNDA:0,(anonymous_3)
FNDA:0,(anonymous_4)
FNDA:0,(anonymous_5)
DA:13,0
DA:14,0
DA:15,0
DA:58,0
DA:59,0
DA:60,0
DA:61,0
DA:63,0
DA:66,0
DA:67,0
DA:68,0
DA:72,0
DA:73,0
DA:75,0
DA:78,0
DA:81,0
DA:82,0
DA:83,0
DA:85,0
DA:86,0
DA:92,0
DA:93,0
DA:94,0
DA:97,0
DA:99,0
DA:103,0
DA:108,0
DA:109,0
DA:112,0
DA:113,0
DA:115,0
DA:116,0
DA:120,0
DA:122,0
DA:123,0
DA:127,0
DA:129,0
DA:133,0
DA:137,0
DA:139,0
DA:140,0
DA:147,0
DA:149,0
DA:152,0
DA:153,0
DA:157,0
DA:159,0
DA:160,0
DA:167,0
DA:169,0
DA:172,0
DA:173,0
DA:177,0
DA:180,0
DA:181,0
DA:194,0
DA:196,0
DA:199,0
DA:200,0
DA:204,0
DA:206,0
DA:207,0
DA:209,0
DA:211,0
DA:212,0
DA:213,0
DA:215,0
DA:221,0
DA:225,0
DA:227,0
DA:228,0
DA:229,0
DA:231,0
DA:235,0
DA:239,0
DA:241,0
DA:258,0
DA:259,0
DA:261,0
DA:264,0
DA:265,0
DA:267,0
DA:270,0
DA:273,0
DA:274,0
DA:275,0
DA:277,0
DA:278,0
DA:285,0
DA:286,0
DA:289,0
DA:290,0
DA:292,0
DA:293,0
DA:297,0
DA:299,0
DA:300,0
DA:304,0
DA:306,0
DA:310,0
DA:314,0
DA:316,0
DA:317,0
DA:324,0
DA:326,0
DA:329,0
DA:330,0
DA:334,0
DA:336,0
DA:337,0
DA:345,0
DA:347,0
DA:350,0
DA:351,0
DA:355,0
DA:358,0
DA:359,0
DA:374,0
DA:376,0
DA:379,0
DA:380,0
DA:384,0
DA:386,0
DA:387,0
DA:389,0
DA:391,0
DA:392,0
DA:393,0
DA:395,0
DA:401,0
DA:405,0
DA:407,0
DA:408,0
DA:409,0
DA:411,0
DA:439,0
DA:443,0
DA:445,0
DA:461,0
DA:464,0
DA:465,0
DA:466,0
DA:469,0
DA:472,0
DA:474,0
DA:475,0
DA:476,0
DA:481,0
DA:487,0
DA:488,0
DA:495,0
DA:497,0
DA:498,0
DA:499,0
DA:501,0
DA:505,0
DA:506,0
DA:507,0
DA:508,0
DA:509,0
DA:510,0
DA:516,0
DA:518,0
DA:519,0
DA:520,0
DA:522,0
DA:549,0
DA:552,0
DA:553,0
DA:557,0
DA:558,0
DA:562,0
DA:564,0
DA:568,0
DA:572,0
DA:574,0
DA:578,0
DA:588,0
DA:599,0
DA:600,0
DA:603,0
DA:604,0
DA:605,0
DA:607,0
DA:608,0
DA:611,0
DA:613,0
DA:622,0
DA:624,0
DA:625,0
DA:629,0
DA:631,0
DA:640,0
LF:193
LH:0
BRDA:57,0,0,0
BRDA:58,1,0,0
BRDA:58,1,1,0
BRDA:67,2,0,0
BRDA:85,3,0,0
BRDA:258,4,0,0
BRDA:258,5,0,0
BRDA:258,6,0,0
BRDA:277,7,0,0
BRDA:460,8,0,0
BRDA:465,9,0,0
BRDA:474,10,0,0
BRDA:474,11,0,0
BRDA:474,11,1,0
BRDA:487,12,0,0
BRDA:487,13,0,0
BRDA:487,13,1,0
BRDA:552,14,0,0
BRDA:552,14,1,0
BRDA:553,15,0,0
BRDA:553,15,1,0
BRDA:621,16,0,0
BRF:22
BRH:0
end_of_record
TN:
SF:src/database/client.ts
FN:27,(anonymous_0)
FN:28,(anonymous_1)
FN:40,(anonymous_2)
FN:50,checkDatabaseHealth
FN:73,query
FN:104,transaction
FN:124,closePool
FNF:7
FNH:0
FNDA:0,(anonymous_0)
FNDA:0,(anonymous_1)
FNDA:0,(anonymous_2)
FNDA:0,checkDatabaseHealth
FNDA:0,query
FNDA:0,transaction
FNDA:0,closePool
DA:6,0
DA:8,0
DA:14,0
DA:27,0
DA:28,0
DA:29,0
DA:30,0
DA:32,0
DA:40,0
DA:41,0
DA:51,0
DA:52,0
DA:53,0
DA:54,0
DA:55,0
DA:58,0
DA:60,0
DA:63,0
DA:66,0
DA:77,0
DA:78,0
DA:79,0
DA:80,0
DA:82,0
DA:88,0
DA:90,0
DA:91,0
DA:97,0
DA:107,0
DA:108,0
DA:109,0
DA:110,0
DA:111,0
DA:112,0
DA:114,0
DA:115,0
DA:117,0
DA:125,0
DA:126,0
LF:39
LH:0
BRDA:64,0,0,0
BRDA:64,0,1,0
BRDA:94,1,0,0
BRDA:94,1,1,0
BRF:4
BRH:0
end_of_record
TN:
SF:src/database/repositories/swarm-repository.ts
FN:22,(anonymous_0)
FN:71,(anonymous_1)
FN:91,(anonymous_2)
FN:111,(anonymous_3)
FN:121,(anonymous_4)
FN:134,(anonymous_5)
FN:142,(anonymous_6)
FN:154,(anonymous_7)
FN:161,(anonymous_8)
FN:173,(anonymous_9)
FN:227,(anonymous_10)
FN:244,(anonymous_11)
FN:253,(anonymous_12)
FN:265,(anonymous_13)
FN:289,getSwarmRepository
FNF:15
FNH:0
FNDA:0,(anonymous_0)
FNDA:0,(anonymous_1)
FNDA:0,(anonymous_2)
FNDA:0,(anonymous_3)
FNDA:0,(anonymous_4)
FNDA:0,(anonymous_5)
FNDA:0,(anonymous_6)
FNDA:0,(anonymous_7)
FNDA:0,(anonymous_8)
FNDA:0,(anonymous_9)
FNDA:0,(anonymous_10)
FNDA:0,(anonymous_11)
FNDA:0,(anonymous_12)
FNDA:0,(anonymous_13)
FNDA:0,getSwarmRepository
DA:11,0
DA:23,0
DA:24,0
DA:26,0
DA:52,0
DA:59,0
DA:61,0
DA:64,0
DA:72,0
DA:73,0
DA:78,0
DA:80,0
DA:84,0
DA:92,0
DA:93,0
DA:98,0
DA:100,0
DA:104,0
DA:112,0
DA:113,0
DA:121,0
DA:123,0
DA:127,0
DA:135,0
DA:136,0
DA:142,0
DA:144,0
DA:147,0
DA:155,0
DA:156,0
DA:161,0
DA:163,0
DA:166,0
DA:174,0
DA:175,0
DA:176,0
DA:177,0
DA:179,0
DA:180,0
DA:181,0
DA:184,0
DA:185,0
DA:186,0
DA:189,0
DA:190,0
DA:191,0
DA:194,0
DA:195,0
DA:196,0
DA:199,0
DA:200,0
DA:201,0
DA:204,0
DA:205,0
DA:207,0
DA:214,0
DA:216,0
DA:220,0
DA:228,0
DA:229,0
DA:231,0
DA:233,0
DA:237,0
DA:245,0
DA:246,0
DA:253,0
DA:255,0
DA:258,0
DA:266,0
DA:287,0
DA:290,0
DA:291,0
DA:293,0
LF:73
LH:0
BRDA:40,0,0,0
BRDA:40,0,1,0
BRDA:41,1,0,0
BRDA:41,1,1,0
BRDA:62,2,0,0
BRDA:62,2,1,0
BRDA:78,3,0,0
BRDA:78,3,1,0
BRDA:82,4,0,0
BRDA:82,4,1,0
BRDA:98,5,0,0
BRDA:98,5,1,0
BRDA:102,6,0,0
BRDA:102,6,1,0
BRDA:125,7,0,0
BRDA:125,7,1,0
BRDA:145,8,0,0
BRDA:145,8,1,0
BRDA:154,9,0,0
BRDA:164,10,0,0
BRDA:164,10,1,0
BRDA:179,11,0,0
BRDA:184,12,0,0
BRDA:189,13,0,0
BRDA:194,14,0,0
BRDA:199,15,0,0
BRDA:218,16,0,0
BRDA:218,16,1,0
BRDA:235,17,0,0
BRDA:235,17,1,0
BRDA:256,18,0,0
BRDA:256,18,1,0
BRDA:268,19,0,0
BRDA:268,19,1,0
BRDA:269,20,0,0
BRDA:269,20,1,0
BRDA:273,21,0,0
BRDA:273,21,1,0
BRDA:274,22,0,0
BRDA:274,22,1,0
BRDA:277,23,0,0
BRDA:277,23,1,0
BRDA:278,24,0,0
BRDA:278,24,1,0
BRDA:290,25,0,0
BRF:45
BRH:0
end_of_record
TN:
SF:src/database/repositories/test-repository.ts
FN:22,(anonymous_0)
FN:53,(anonymous_1)
FN:76,(anonymous_2)
FN:88,(anonymous_3)
FN:101,(anonymous_4)
FN:113,(anonymous_5)
FN:126,(anonymous_6)
FN:136,(anonymous_7)
FN:148,(anonymous_8)
FN:200,(anonymous_9)
FN:240,(anonymous_10)
FN:259,getTestRepository
FNF:12
FNH:0
FNDA:0,(anonymous_0)
FNDA:0,(anonymous_1)
FNDA:0,(anonymous_2)
FNDA:0,(anonymous_3)
FNDA:0,(anonymous_4)
FNDA:0,(anonymous_5)
FNDA:0,(anonymous_6)
FNDA:0,(anonymous_7)
FNDA:0,(anonymous_8)
FNDA:0,(anonymous_9)
FNDA:0,(anonymous_10)
FNDA:0,getTestRepository
DA:11,0
DA:23,0
DA:24,0
DA:26,0
DA:35,0
DA:41,0
DA:43,0
DA:46,0
DA:54,0
DA:55,0
DA:63,0
DA:65,0
DA:69,0
DA:77,0
DA:78,0
DA:88,0
DA:90,0
DA:94,0
DA:102,0
DA:103,0
DA:113,0
DA:115,0
DA:119,0
DA:127,0
DA:128,0
DA:136,0
DA:138,0
DA:141,0
DA:149,0
DA:150,0
DA:151,0
DA:152,0
DA:154,0
DA:155,0
DA:156,0
DA:159,0
DA:160,0
DA:161,0
DA:164,0
DA:165,0
DA:166,0
DA:169,0
DA:170,0
DA:171,0
DA:174,0
DA:175,0
DA:178,0
DA:180,0
DA:187,0
DA:189,0
DA:193,0
DA:207,0
DA:208,0
DA:220,0
DA:221,0
DA:229,0
DA:233,0
DA:241,0
DA:257,0
DA:260,0
DA:261,0
DA:263,0
LF:62
LH:0
BRDA:32,0,0,0
BRDA:32,0,1,0
BRDA:44,1,0,0
BRDA:44,1,1,0
BRDA:63,2,0,0
BRDA:63,2,1,0
BRDA:67,3,0,0
BRDA:67,3,1,0
BRDA:76,4,0,0
BRDA:92,5,0,0
BRDA:92,5,1,0
BRDA:101,6,0,0
BRDA:117,7,0,0
BRDA:117,7,1,0
BRDA:139,8,0,0
BRDA:139,8,1,0
BRDA:154,9,0,0
BRDA:159,10,0,0
BRDA:164,11,0,0
BRDA:169,12,0,0
BRDA:174,13,0,0
BRDA:191,14,0,0
BRDA:191,14,1,0
BRDA:226,15,0,0
BRDA:226,15,1,0
BRDA:231,16,0,0
BRDA:231,16,1,0
BRDA:244,17,0,0
BRDA:244,17,1,0
BRDA:244,17,2,0
BRDA:245,18,0,0
BRDA:245,18,1,0
BRDA:248,19,0,0
BRDA:248,19,1,0
BRDA:249,20,0,0
BRDA:249,20,1,0
BRDA:251,21,0,0
BRDA:251,21,1,0
BRDA:260,22,0,0
BRF:39
BRH:0
end_of_record
TN:
SF:src/database/repositories/worktree-repository.ts
FN:44,(anonymous_0)
FN:64,(anonymous_1)
FN:84,(anonymous_2)
FN:90,(anonymous_3)
FN:102,(anonymous_4)
FN:109,(anonymous_5)
FN:122,(anonymous_6)
FN:142,(anonymous_7)
FN:149,(anonymous_8)
FN:162,(anonymous_9)
FN:169,(anonymous_10)
FN:182,(anonymous_11)
FN:201,(anonymous_12)
FN:260,(anonymous_13)
FN:315,(anonymous_14)
FN:335,(anonymous_15)
FN:369,getWorktreeRepository
FNF:17
FNH:0
FNDA:0,(anonymous_0)
FNDA:0,(anonymous_1)
FNDA:0,(anonymous_2)
FNDA:0,(anonymous_3)
FNDA:0,(anonymous_4)
FNDA:0,(anonymous_5)
FNDA:0,(anonymous_6)
FNDA:0,(anonymous_7)
FNDA:0,(anonymous_8)
FNDA:0,(anonymous_9)
FNDA:0,(anonymous_10)
FNDA:0,(anonymous_11)
FNDA:0,(anonymous_12)
FNDA:0,(anonymous_13)
FNDA:0,(anonymous_14)
FNDA:0,(anonymous_15)
FNDA:0,getWorktreeRepository
DA:4,0
DA:45,0
DA:46,0
DA:51,0
DA:53,0
DA:57,0
DA:65,0
DA:66,0
DA:71,0
DA:73,0
DA:77,0
DA:85,0
DA:86,0
DA:90,0
DA:92,0
DA:95,0
DA:103,0
DA:104,0
DA:109,0
DA:111,0
DA:115,0
DA:123,0
DA:124,0
DA:129,0
DA:131,0
DA:135,0
DA:143,0
DA:144,0
DA:149,0
DA:151,0
DA:155,0
DA:163,0
DA:164,0
DA:169,0
DA:171,0
DA:175,0
DA:183,0
DA:184,0
DA:189,0
DA:191,0
DA:194,0
DA:215,0
DA:216,0
DA:240,0
DA:247,0
DA:249,0
DA:253,0
DA:268,0
DA:269,0
DA:270,0
DA:271,0
DA:273,0
DA:274,0
DA:275,0
DA:278,0
DA:279,0
DA:280,0
DA:283,0
DA:284,0
DA:285,0
DA:288,0
DA:289,0
DA:292,0
DA:293,0
DA:295,0
DA:302,0
DA:304,0
DA:308,0
DA:316,0
DA:317,0
DA:322,0
DA:324,0
DA:328,0
DA:336,0
DA:367,0
DA:370,0
DA:371,0
DA:373,0
LF:78
LH:0
BRDA:51,0,0,0
BRDA:51,0,1,0
BRDA:55,1,0,0
BRDA:55,1,1,0
BRDA:71,2,0,0
BRDA:71,2,1,0
BRDA:75,3,0,0
BRDA:75,3,1,0
BRDA:93,4,0,0
BRDA:93,4,1,0
BRDA:113,5,0,0
BRDA:113,5,1,0
BRDA:129,6,0,0
BRDA:129,6,1,0
BRDA:133,7,0,0
BRDA:133,7,1,0
BRDA:153,8,0,0
BRDA:153,8,1,0
BRDA:173,9,0,0
BRDA:173,9,1,0
BRDA:189,10,0,0
BRDA:189,10,1,0
BRDA:192,11,0,0
BRDA:192,11,1,0
BRDA:226,12,0,0
BRDA:226,12,1,0
BRDA:231,13,0,0
BRDA:231,13,1,0
BRDA:232,14,0,0
BRDA:232,14,1,0
BRDA:233,15,0,0
BRDA:233,15,1,0
BRDA:234,16,0,0
BRDA:234,16,1,0
BRDA:235,17,0,0
BRDA:235,17,1,0
BRDA:236,18,0,0
BRDA:236,18,1,0
BRDA:251,19,0,0
BRDA:251,19,1,0
BRDA:273,20,0,0
BRDA:278,21,0,0
BRDA:283,22,0,0
BRDA:288,23,0,0
BRDA:306,24,0,0
BRDA:306,24,1,0
BRDA:326,25,0,0
BRDA:326,25,1,0
BRDA:339,26,0,0
BRDA:339,26,1,0
BRDA:343,27,0,0
BRDA:343,27,1,0
BRDA:344,28,0,0
BRDA:344,28,1,0
BRDA:345,29,0,0
BRDA:345,29,1,0
BRDA:349,30,0,0
BRDA:349,30,1,0
BRDA:350,31,0,0
BRDA:350,31,1,0
BRDA:355,32,0,0
BRDA:355,32,1,0
BRDA:356,33,0,0
BRDA:356,33,1,0
BRDA:357,34,0,0
BRDA:357,34,1,0
BRDA:358,35,0,0
BRDA:358,35,1,0
BRDA:359,36,0,0
BRDA:359,36,1,0
BRDA:370,37,0,0
BRF:71
BRH:0
end_of_record
TN:
SF:src/documentation/generators/ApiDocGenerator.ts
FN:60,(anonymous_0)
FN:65,(anonymous_1)
FN:71,(anonymous_2)
FN:89,(anonymous_3)
FN:124,(anonymous_4)
FN:157,(anonymous_5)
FN:188,(anonymous_6)
FN:214,(anonymous_7)
FN:226,(anonymous_8)
FN:229,(anonymous_9)
FN:249,(anonymous_10)
FN:356,(anonymous_11)
FN:367,(anonymous_12)
FN:380,(anonymous_13)
FNF:14
FNH:0
FNDA:0,(anonymous_0)
FNDA:0,(anonymous_1)
FNDA:0,(anonymous_2)
FNDA:0,(anonymous_3)
FNDA:0,(anonymous_4)
FNDA:0,(anonymous_5)
FNDA:0,(anonymous_6)
FNDA:0,(anonymous_7)
FNDA:0,(anonymous_8)
FNDA:0,(anonymous_9)
FNDA:0,(anonymous_10)
FNDA:0,(anonymous_11)
FNDA:0,(anonymous_12)
FNDA:0,(anonymous_13)
DA:60,0
DA:66,0
DA:68,0
DA:69,0
DA:70,0
DA:71,0
DA:74,0
DA:76,0
DA:77,0
DA:78,0
DA:79,0
DA:82,0
DA:83,0
DA:90,0
DA:92,0
DA:93,0
DA:95,0
DA:96,0
DA:97,0
DA:100,0
DA:101,0
DA:103,0
DA:126,0
DA:127,0
DA:129,0
DA:132,0
DA:133,0
DA:136,0
DA:139,0
DA:142,0
DA:144,0
DA:158,0
DA:161,0
DA:164,0
DA:165,0
DA:168,0
DA:169,0
DA:172,0
DA:173,0
DA:175,0
DA:182,0
DA:189,0
DA:192,0
DA:195,0
DA:196,0
DA:199,0
DA:201,0
DA:208,0
DA:215,0
DA:216,0
DA:218,0
DA:220,0
DA:227,0
DA:229,0
DA:230,0
DA:232,0
DA:233,0
DA:234,0
DA:235,0
DA:243,0
DA:250,0
DA:253,0
DA:254,0
DA:257,0
DA:260,0
DA:261,0
DA:262,0
DA:263,0
DA:265,0
DA:266,0
DA:267,0
DA:268,0
DA:271,0
DA:275,0
DA:276,0
DA:277,0
DA:279,0
DA:280,0
DA:281,0
DA:283,0
DA:284,0
DA:285,0
DA:286,0
DA:288,0
DA:294,0
DA:295,0
DA:296,0
DA:298,0
DA:299,0
DA:300,0
DA:301,0
DA:306,0
DA:307,0
DA:308,0
DA:309,0
DA:310,0
DA:311,0
DA:312,0
DA:314,0
DA:315,0
DA:316,0
DA:317,0
DA:318,0
DA:319,0
DA:321,0
DA:322,0
DA:325,0
DA:328,0
DA:329,0
DA:330,0
DA:331,0
DA:332,0
DA:336,0
DA:337,0
DA:338,0
DA:339,0
DA:340,0
DA:343,0
DA:346,0
DA:347,0
DA:348,0
DA:350,0
DA:357,0
DA:358,0
DA:359,0
DA:360,0
DA:361,0
DA:368,0
DA:370,0
DA:371,0
DA:372,0
DA:374,0
DA:381,0
DA:383,0
DA:384,0
DA:421,0
LF:136
LH:0
BRDA:71,0,0,0
BRDA:71,0,1,0
BRDA:71,0,2,0
BRDA:79,1,0,0
BRDA:95,2,0,0
BRDA:127,3,0,0
BRDA:133,4,0,0
BRDA:133,4,1,0
BRDA:168,5,0,0
BRDA:218,6,0,0
BRDA:227,7,0,0
BRDA:234,8,0,0
BRDA:238,9,0,0
BRDA:238,9,1,0
BRDA:260,10,0,0
BRDA:266,11,0,0
BRDA:266,11,1,0
BRDA:267,12,0,0
BRDA:267,12,1,0
BRDA:275,13,0,0
BRDA:283,14,0,0
BRDA:294,15,0,0
BRDA:314,16,0,0
BRDA:328,17,0,0
BRDA:336,18,0,0
BRDA:357,19,0,0
BRDA:358,20,0,0
BRDA:359,21,0,0
BRDA:360,22,0,0
BRDA:370,23,0,0
BRDA:371,24,0,0
BRDA:372,25,0,0
BRF:32
BRH:0
end_of_record
TN:
SF:src/documentation/generators/SchemaDocGenerator.ts
FN:54,(anonymous_0)
FN:59,(anonymous_1)
FN:77,(anonymous_2)
FN:104,(anonymous_3)
FN:116,(anonymous_4)
FN:122,(anonymous_5)
FN:139,(anonymous_6)
FN:158,(anonymous_7)
FN:179,(anonymous_8)
FN:224,(anonymous_9)
FN:226,(anonymous_10)
FN:230,(anonymous_11)
FN:239,(anonymous_12)
FN:270,(anonymous_13)
FN:284,(anonymous_14)
FN:293,(anonymous_15)
FN:306,(anonymous_16)
FN:309,(anonymous_17)
FN:316,(anonymous_18)
FN:333,(anonymous_19)
FNF:20
FNH:0
FNDA:0,(anonymous_0)
FNDA:0,(anonymous_1)
FNDA:0,(anonymous_2)
FNDA:0,(anonymous_3)
FNDA:0,(anonymous_4)
FNDA:0,(anonymous_5)
FNDA:0,(anonymous_6)
FNDA:0,(anonymous_7)
FNDA:0,(anonymous_8)
FNDA:0,(anonymous_9)
FNDA:0,(anonymous_10)
FNDA:0,(anonymous_11)
FNDA:0,(anonymous_12)
FNDA:0,(anonymous_13)
FNDA:0,(anonymous_14)
FNDA:0,(anonymous_15)
FNDA:0,(anonymous_16)
FNDA:0,(anonymous_17)
FNDA:0,(anonymous_18)
FNDA:0,(anonymous_19)
DA:54,0
DA:60,0
DA:62,0
DA:63,0
DA:65,0
DA:66,0
DA:67,0
DA:70,0
DA:71,0
DA:78,0
DA:80,0
DA:81,0
DA:83,0
DA:105,0
DA:116,0
DA:124,0
DA:139,0
DA:147,0
DA:158,0
DA:161,0
DA:168,0
DA:180,0
DA:183,0
DA:186,0
DA:187,0
DA:191,0
DA:194,0
DA:195,0
DA:196,0
DA:198,0
DA:199,0
DA:200,0
DA:201,0
DA:202,0
DA:205,0
DA:208,0
DA:209,0
DA:210,0
DA:211,0
DA:212,0
DA:214,0
DA:218,0
DA:219,0
DA:220,0
DA:221,0
DA:223,0
DA:224,0
DA:226,0
DA:228,0
DA:229,0
DA:230,0
DA:231,0
DA:232,0
DA:235,0
DA:236,0
DA:237,0
DA:239,0
DA:240,0
DA:241,0
DA:244,0
DA:245,0
DA:248,0
DA:249,0
DA:252,0
DA:253,0
DA:254,0
DA:255,0
DA:256,0
DA:260,0
DA:261,0
DA:264,0
DA:271,0
DA:273,0
DA:274,0
DA:282,0
DA:284,0
DA:294,0
DA:295,0
DA:297,0
DA:298,0
DA:300,0
DA:307,0
DA:309,0
DA:317,0
DA:319,0
DA:320,0
DA:321,0
DA:322,0
DA:323,0
DA:325,0
DA:327,0
DA:334,0
DA:336,0
DA:337,0
DA:374,0
LF:95
LH:0
BRDA:59,0,0,0
BRDA:89,1,0,0
BRDA:89,1,1,0
BRDA:186,2,0,0
BRDA:199,3,0,0
BRDA:199,3,1,0
BRDA:200,4,0,0
BRDA:200,4,1,0
BRDA:201,5,0,0
BRDA:201,5,1,0
BRDA:208,6,0,0
BRDA:211,7,0,0
BRDA:211,7,1,0
BRDA:224,8,0,0
BRDA:224,8,1,0
BRDA:240,9,0,0
BRDA:254,10,0,0
BRDA:254,11,0,0
BRDA:254,11,1,0
BRDA:273,12,0,0
BRDA:294,13,0,0
BRDA:294,14,0,0
BRDA:294,14,1,0
BRDA:297,15,0,0
BRDA:319,16,0,0
BRDA:320,17,0,0
BRDA:321,18,0,0
BRDA:322,19,0,0
BRDA:322,20,0,0
BRDA:322,20,1,0
BRDA:325,21,0,0
BRF:31
BRH:0
end_of_record
TN:
SF:src/documentation/services/LinkingService.ts
FN:43,(anonymous_0)
FN:48,(anonymous_1)
FN:67,(anonymous_2)
FN:156,(anonymous_3)
FN:186,(anonymous_4)
FN:210,(anonymous_5)
FN:222,(anonymous_6)
FN:241,(anonymous_7)
FN:262,(anonymous_8)
FN:280,(anonymous_9)
FN:291,(anonymous_10)
FN:304,(anonymous_11)
FN:347,(anonymous_12)
FN:366,(anonymous_13)
FN:373,(anonymous_14)
FNF:15
FNH:0
FNDA:0,(anonymous_0)
FNDA:0,(anonymous_1)
FNDA:0,(anonymous_2)
FNDA:0,(anonymous_3)
FNDA:0,(anonymous_4)
FNDA:0,(anonymous_5)
FNDA:0,(anonymous_6)
FNDA:0,(anonymous_7)
FNDA:0,(anonymous_8)
FNDA:0,(anonymous_9)
FNDA:0,(anonymous_10)
FNDA:0,(anonymous_11)
FNDA:0,(anonymous_12)
FNDA:0,(anonymous_13)
FNDA:0,(anonymous_14)
DA:34,0
DA:43,0
DA:49,0
DA:51,0
DA:52,0
DA:54,0
DA:55,0
DA:56,0
DA:57,0
DA:60,0
DA:61,0
DA:68,0
DA:71,0
DA:72,0
DA:73,0
DA:83,0
DA:84,0
DA:85,0
DA:95,0
DA:96,0
DA:97,0
DA:98,0
DA:109,0
DA:110,0
DA:111,0
DA:112,0
DA:123,0
DA:124,0
DA:125,0
DA:126,0
DA:127,0
DA:129,0
DA:139,0
DA:140,0
DA:141,0
DA:150,0
DA:157,0
DA:158,0
DA:187,0
DA:189,0
DA:193,0
DA:196,0
DA:197,0
DA:210,0
DA:211,0
DA:216,0
DA:223,0
DA:235,0
DA:244,0
DA:256,0
DA:263,0
DA:274,0
DA:281,0
DA:282,0
DA:283,0
DA:285,0
DA:292,0
DA:298,0
DA:310,0
DA:326,0
DA:341,0
DA:349,0
DA:356,0
DA:366,0
DA:373,0
DA:380,0
LF:66
LH:0
BRDA:127,0,0,0
BRDA:127,0,1,0
BRDA:280,1,0,0
BRDA:285,2,0,0
BRDA:285,2,1,0
BRDA:285,3,0,0
BRDA:285,3,1,0
BRF:7
BRH:0
end_of_record
TN:
SF:src/integrations/cloudflare/api-client.ts
FN:62,(anonymous_0)
FN:83,(anonymous_1)
FN:110,(anonymous_2)
FN:145,(anonymous_3)
FN:170,(anonymous_4)
FN:197,(anonymous_5)
FN:221,(anonymous_6)
FN:246,(anonymous_7)
FN:288,(anonymous_8)
FN:313,(anonymous_9)
FN:340,(anonymous_10)
FN:357,getCloudflareAPIClient
FNF:12
FNH:0
FNDA:0,(anonymous_0)
FNDA:0,(anonymous_1)
FNDA:0,(anonymous_2)
FNDA:0,(anonymous_3)
FNDA:0,(anonymous_4)
FNDA:0,(anonymous_5)
FNDA:0,(anonymous_6)
FNDA:0,(anonymous_7)
FNDA:0,(anonymous_8)
FNDA:0,(anonymous_9)
FNDA:0,(anonymous_10)
FNDA:0,getCloudflareAPIClient
DA:4,0
DA:63,0
DA:65,0
DA:74,0
DA:84,0
DA:85,0
DA:88,0
DA:89,0
DA:91,0
DA:92,0
DA:95,0
DA:96,0
DA:98,0
DA:100,0
DA:103,0
DA:111,0
DA:112,0
DA:114,0
DA:116,0
DA:121,0
DA:122,0
DA:125,0
DA:127,0
DA:132,0
DA:134,0
DA:138,0
DA:146,0
DA:147,0
DA:149,0
DA:153,0
DA:154,0
DA:157,0
DA:159,0
DA:163,0
DA:171,0
DA:172,0
DA:174,0
DA:176,0
DA:180,0
DA:181,0
DA:184,0
DA:186,0
DA:190,0
DA:198,0
DA:199,0
DA:201,0
DA:205,0
DA:206,0
DA:209,0
DA:211,0
DA:214,0
DA:222,0
DA:223,0
DA:225,0
DA:229,0
DA:230,0
DA:233,0
DA:235,0
DA:239,0
DA:247,0
DA:248,0
DA:254,0
DA:263,0
DA:264,0
DA:267,0
DA:269,0
DA:275,0
DA:277,0
DA:281,0
DA:289,0
DA:290,0
DA:292,0
DA:296,0
DA:297,0
DA:300,0
DA:302,0
DA:306,0
DA:314,0
DA:315,0
DA:316,0
DA:317,0
DA:319,0
DA:324,0
DA:325,0
DA:328,0
DA:330,0
DA:333,0
DA:341,0
DA:342,0
DA:343,0
DA:345,0
DA:349,0
DA:355,0
DA:358,0
DA:359,0
DA:360,0
DA:361,0
DA:363,0
DA:364,0
DA:367,0
DA:374,0
LF:101
LH:0
BRDA:84,0,0,0
BRDA:91,1,0,0
BRDA:91,2,0,0
BRDA:91,2,1,0
BRDA:101,3,0,0
BRDA:101,3,1,0
BRDA:121,4,0,0
BRDA:121,5,0,0
BRDA:121,5,1,0
BRDA:136,6,0,0
BRDA:136,6,1,0
BRDA:153,7,0,0
BRDA:153,8,0,0
BRDA:153,8,1,0
BRDA:161,9,0,0
BRDA:161,9,1,0
BRDA:180,10,0,0
BRDA:188,11,0,0
BRDA:188,11,1,0
BRDA:205,12,0,0
BRDA:209,13,0,0
BRDA:209,13,1,0
BRDA:212,14,0,0
BRDA:212,14,1,0
BRDA:229,15,0,0
BRDA:233,16,0,0
BRDA:233,16,1,0
BRDA:237,17,0,0
BRDA:237,17,1,0
BRDA:258,18,0,0
BRDA:258,18,1,0
BRDA:259,19,0,0
BRDA:259,19,1,0
BRDA:263,20,0,0
BRDA:263,21,0,0
BRDA:263,21,1,0
BRDA:279,22,0,0
BRDA:279,22,1,0
BRDA:296,23,0,0
BRDA:304,24,0,0
BRDA:304,24,1,0
BRDA:316,25,0,0
BRDA:317,26,0,0
BRDA:324,27,0,0
BRDA:328,28,0,0
BRDA:328,28,1,0
BRDA:331,29,0,0
BRDA:331,29,1,0
BRDA:343,30,0,0
BRDA:343,30,1,0
BRDA:347,31,0,0
BRDA:347,31,1,0
BRDA:358,32,0,0
BRDA:361,33,0,0
BRDA:361,33,1,0
BRDA:363,34,0,0
BRDA:363,35,0,0
BRDA:363,35,1,0
BRF:58
BRH:0
end_of_record
TN:
SF:src/integrations/cloudflare/dns-manager.ts
FN:22,(anonymous_0)
FN:32,(anonymous_1)
FN:39,(anonymous_2)
FN:50,(anonymous_3)
FN:61,(anonymous_4)
FN:112,(anonymous_5)
FN:144,(anonymous_6)
FN:165,(anonymous_7)
FN:179,(anonymous_8)
FN:187,(anonymous_9)
FN:200,(anonymous_10)
FN:224,(anonymous_11)
FN:265,getDNSManager
FNF:13
FNH:0
FNDA:0,(anonymous_0)
FNDA:0,(anonymous_1)
FNDA:0,(anonymous_2)
FNDA:0,(anonymous_3)
FNDA:0,(anonymous_4)
FNDA:0,(anonymous_5)
FNDA:0,(anonymous_6)
FNDA:0,(anonymous_7)
FNDA:0,(anonymous_8)
FNDA:0,(anonymous_9)
FNDA:0,(anonymous_10)
FNDA:0,(anonymous_11)
FNDA:0,getDNSManager
DA:4,0
DA:23,0
DA:24,0
DA:26,0
DA:33,0
DA:41,0
DA:42,0
DA:44,0
DA:51,0
DA:53,0
DA:55,0
DA:62,0
DA:63,0
DA:64,0
DA:65,0
DA:67,0
DA:74,0
DA:75,0
DA:76,0
DA:80,0
DA:84,0
DA:92,0
DA:98,0
DA:100,0
DA:105,0
DA:113,0
DA:114,0
DA:116,0
DA:119,0
DA:120,0
DA:121,0
DA:122,0
DA:126,0
DA:128,0
DA:133,0
DA:137,0
DA:145,0
DA:146,0
DA:148,0
DA:152,0
DA:154,0
DA:158,0
DA:166,0
DA:167,0
DA:169,0
DA:172,0
DA:180,0
DA:181,0
DA:184,0
DA:187,0
DA:189,0
DA:193,0
DA:204,0
DA:205,0
DA:208,0
DA:211,0
DA:213,0
DA:217,0
DA:225,0
DA:226,0
DA:228,0
DA:229,0
DA:230,0
DA:233,0
DA:235,0
DA:236,0
DA:241,0
DA:244,0
DA:250,0
DA:252,0
DA:257,0
DA:263,0
DA:266,0
DA:267,0
DA:269,0
LF:75
LH:0
BRDA:23,0,0,0
BRDA:23,0,1,0
BRDA:24,1,0,0
BRDA:24,1,1,0
BRDA:41,2,0,0
BRDA:51,3,0,0
BRDA:75,4,0,0
BRDA:88,5,0,0
BRDA:88,5,1,0
BRDA:89,6,0,0
BRDA:89,6,1,0
BRDA:103,7,0,0
BRDA:103,7,1,0
BRDA:120,8,0,0
BRDA:135,9,0,0
BRDA:135,9,1,0
BRDA:152,10,0,0
BRDA:152,10,1,0
BRDA:156,11,0,0
BRDA:156,11,1,0
BRDA:170,12,0,0
BRDA:170,12,1,0
BRDA:191,13,0,0
BRDA:191,13,1,0
BRDA:215,14,0,0
BRDA:215,14,1,0
BRDA:228,15,0,0
BRDA:235,16,0,0
BRDA:255,17,0,0
BRDA:255,17,1,0
BRDA:266,18,0,0
BRF:31
BRH:0
end_of_record
TN:
SF:src/integrations/cloudflare/tunnel-manager.ts
FN:53,(anonymous_0)
FN:70,(anonymous_1)
FN:79,(anonymous_2)
FN:87,(anonymous_3)
FN:154,(anonymous_4)
FN:187,(anonymous_5)
FN:225,(anonymous_6)
FN:257,(anonymous_7)
FN:273,(anonymous_8)
FN:291,(anonymous_9)
FN:309,(anonymous_10)
FN:322,(anonymous_11)
FN:342,(anonymous_12)
FN:374,(anonymous_13)
FN:388,(anonymous_14)
FN:392,(anonymous_15)
FN:396,(anonymous_16)
FN:411,(anonymous_17)
FN:452,getTunnelManager
FNF:19
FNH:0
FNDA:0,(anonymous_0)
FNDA:0,(anonymous_1)
FNDA:0,(anonymous_2)
FNDA:0,(anonymous_3)
FNDA:0,(anonymous_4)
FNDA:0,(anonymous_5)
FNDA:0,(anonymous_6)
FNDA:0,(anonymous_7)
FNDA:0,(anonymous_8)
FNDA:0,(anonymous_9)
FNDA:0,(anonymous_10)
FNDA:0,(anonymous_11)
FNDA:0,(anonymous_12)
FNDA:0,(anonymous_13)
FNDA:0,(anonymous_14)
FNDA:0,(anonymous_15)
FNDA:0,(anonymous_16)
FNDA:0,(anonymous_17)
FNDA:0,getTunnelManager
DA:8,0
DA:51,0
DA:54,0
DA:57,0
DA:58,0
DA:59,0
DA:60,0
DA:62,0
DA:71,0
DA:72,0
DA:73,0
DA:80,0
DA:81,0
DA:88,0
DA:89,0
DA:91,0
DA:94,0
DA:97,0
DA:103,0
DA:106,0
DA:112,0
DA:113,0
DA:119,0
DA:125,0
DA:143,0
DA:147,0
DA:159,0
DA:160,0
DA:162,0
DA:172,0
DA:174,0
DA:181,0
DA:192,0
DA:193,0
DA:196,0
DA:197,0
DA:198,0
DA:199,0
DA:203,0
DA:205,0
DA:212,0
DA:222,0
DA:225,0
DA:227,0
DA:228,0
DA:232,0
DA:233,0
DA:236,0
DA:238,0
DA:244,0
DA:246,0
DA:250,0
DA:258,0
DA:259,0
DA:261,0
DA:263,0
DA:264,0
DA:265,0
DA:268,0
DA:270,0
DA:273,0
DA:276,0
DA:277,0
DA:279,0
DA:280,0
DA:286,0
DA:290,0
DA:291,0
DA:294,0
DA:296,0
DA:298,0
DA:302,0
DA:310,0
DA:311,0
DA:312,0
DA:313,0
DA:315,0
DA:323,0
DA:325,0
DA:326,0
DA:329,0
DA:331,0
DA:332,0
DA:335,0
DA:348,0
DA:349,0
DA:351,0
DA:352,0
DA:353,0
DA:354,0
DA:356,0
DA:363,0
DA:375,0
DA:376,0
DA:379,0
DA:380,0
DA:384,0
DA:387,0
DA:388,0
DA:391,0
DA:392,0
DA:395,0
DA:396,0
DA:398,0
DA:400,0
DA:404,0
DA:412,0
DA:413,0
DA:415,0
DA:417,0
DA:418,0
DA:420,0
DA:439,0
DA:441,0
DA:444,0
DA:450,0
DA:453,0
DA:454,0
DA:456,0
LF:119
LH:0
BRDA:54,0,0,0
BRDA:54,0,1,0
BRDA:57,1,0,0
BRDA:57,1,1,0
BRDA:145,2,0,0
BRDA:145,2,1,0
BRDA:196,3,0,0
BRDA:199,4,0,0
BRDA:227,5,0,0
BRDA:248,6,0,0
BRDA:248,6,1,0
BRDA:263,7,0,0
BRDA:300,8,0,0
BRDA:300,8,1,0
BRDA:325,9,0,0
BRDA:352,10,0,0
BRDA:358,11,0,0
BRDA:358,11,1,0
BRDA:379,12,0,0
BRDA:402,13,0,0
BRDA:402,13,1,0
BRDA:428,14,0,0
BRDA:428,14,1,0
BRDA:442,15,0,0
BRDA:442,15,1,0
BRDA:453,16,0,0
BRF:26
BRH:0
end_of_record
TN:
SF:src/integrations/github/client.ts
FN:15,(anonymous_0)
FN:42,(anonymous_1)
FN:56,(anonymous_2)
FN:71,(anonymous_3)
FN:94,(anonymous_4)
FN:110,(anonymous_5)
FN:136,(anonymous_6)
FN:152,(anonymous_7)
FN:166,(anonymous_8)
FN:176,(anonymous_9)
FN:186,(anonymous_10)
FN:209,(anonymous_11)
FN:224,(anonymous_12)
FN:246,(anonymous_13)
FN:254,(anonymous_14)
FN:261,(anonymous_15)
FN:272,getGitHubClient
FNF:17
FNH:0
FNDA:0,(anonymous_0)
FNDA:0,(anonymous_1)
FNDA:0,(anonymous_2)
FNDA:0,(anonymous_3)
FNDA:0,(anonymous_4)
FNDA:0,(anonymous_5)
FNDA:0,(anonymous_6)
FNDA:0,(anonymous_7)
FNDA:0,(anonymous_8)
FNDA:0,(anonymous_9)
FNDA:0,(anonymous_10)
FNDA:0,(anonymous_11)
FNDA:0,(anonymous_12)
FNDA:0,(anonymous_13)
FNDA:0,(anonymous_14)
FNDA:0,(anonymous_15)
FNDA:0,getGitHubClient
DA:5,0
DA:16,0
DA:17,0
DA:19,0
DA:20,0
DA:23,0
DA:28,0
DA:29,0
DA:30,0
DA:32,0
DA:43,0
DA:45,0
DA:50,0
DA:57,0
DA:59,0
DA:65,0
DA:80,0
DA:82,0
DA:88,0
DA:95,0
DA:97,0
DA:104,0
DA:121,0
DA:123,0
DA:130,0
DA:137,0
DA:139,0
DA:146,0
DA:153,0
DA:155,0
DA:167,0
DA:169,0
DA:175,0
DA:176,0
DA:177,0
DA:180,0
DA:195,0
DA:197,0
DA:203,0
DA:210,0
DA:212,0
DA:218,0
DA:232,0
DA:234,0
DA:240,0
DA:247,0
DA:248,0
DA:255,0
DA:262,0
DA:270,0
DA:273,0
DA:274,0
DA:276,0
LF:53
LH:0
BRDA:16,0,0,0
BRDA:16,0,1,0
BRDA:17,1,0,0
BRDA:17,1,1,0
BRDA:17,1,2,0
BRDA:19,2,0,0
BRDA:29,3,0,0
BRDA:29,3,1,0
BRDA:30,4,0,0
BRDA:30,4,1,0
BRDA:273,5,0,0
BRF:11
BRH:0
end_of_record
TN:
SF:src/integrations/github/graphql.ts
FN:14,(anonymous_0)
FN:41,(anonymous_1)
FN:143,(anonymous_2)
FN:144,(anonymous_3)
FN:145,(anonymous_4)
FN:149,(anonymous_5)
FN:150,(anonymous_6)
FN:162,(anonymous_7)
FN:163,(anonymous_8)
FN:175,(anonymous_9)
FN:184,(anonymous_10)
FN:233,(anonymous_11)
FN:239,(anonymous_12)
FN:240,(anonymous_13)
FN:249,(anonymous_14)
FN:294,getGitHubGraphQL
FNF:16
FNH:0
FNDA:0,(anonymous_0)
FNDA:0,(anonymous_1)
FNDA:0,(anonymous_2)
FNDA:0,(anonymous_3)
FNDA:0,(anonymous_4)
FNDA:0,(anonymous_5)
FNDA:0,(anonymous_6)
FNDA:0,(anonymous_7)
FNDA:0,(anonymous_8)
FNDA:0,(anonymous_9)
FNDA:0,(anonymous_10)
FNDA:0,(anonymous_11)
FNDA:0,(anonymous_12)
FNDA:0,(anonymous_13)
FNDA:0,(anonymous_14)
FNDA:0,getGitHubGraphQL
DA:4,0
DA:15,0
DA:16,0
DA:18,0
DA:19,0
DA:22,0
DA:28,0
DA:29,0
DA:30,0
DA:32,0
DA:42,0
DA:44,0
DA:104,0
DA:138,0
DA:142,0
DA:143,0
DA:144,0
DA:145,0
DA:149,0
DA:150,0
DA:153,0
DA:162,0
DA:163,0
DA:175,0
DA:185,0
DA:187,0
DA:214,0
DA:232,0
DA:233,0
DA:239,0
DA:240,0
DA:250,0
DA:252,0
DA:269,0
DA:287,0
DA:292,0
DA:295,0
DA:296,0
DA:298,0
LF:39
LH:0
BRDA:15,0,0,0
BRDA:15,0,1,0
BRDA:16,1,0,0
BRDA:16,1,1,0
BRDA:16,1,2,0
BRDA:18,2,0,0
BRDA:29,3,0,0
BRDA:29,3,1,0
BRDA:30,4,0,0
BRDA:30,4,1,0
BRDA:142,5,0,0
BRDA:142,5,1,0
BRDA:164,6,0,0
BRDA:164,6,1,0
BRDA:173,7,0,0
BRDA:173,7,1,0
BRDA:184,8,0,0
BRDA:295,9,0,0
BRF:18
BRH:0
end_of_record
TN:
SF:src/integrations/github/issue-tracker.ts
FN:38,(anonymous_0)
FN:100,(anonymous_1)
FN:120,(anonymous_2)
FN:131,(anonymous_3)
FN:151,(anonymous_4)
FN:163,(anonymous_5)
FN:188,(anonymous_6)
FN:201,(anonymous_7)
FN:209,(anonymous_8)
FN:226,(anonymous_9)
FN:242,(anonymous_10)
FN:250,(anonymous_11)
FN:258,(anonymous_12)
FN:274,(anonymous_13)
FN:283,getIssueTracker
FNF:15
FNH:0
FNDA:0,(anonymous_0)
FNDA:0,(anonymous_1)
FNDA:0,(anonymous_2)
FNDA:0,(anonymous_3)
FNDA:0,(anonymous_4)
FNDA:0,(anonymous_5)
FNDA:0,(anonymous_6)
FNDA:0,(anonymous_7)
FNDA:0,(anonymous_8)
FNDA:0,(anonymous_9)
FNDA:0,(anonymous_10)
FNDA:0,(anonymous_11)
FNDA:0,(anonymous_12)
FNDA:0,(anonymous_13)
FNDA:0,getIssueTracker
DA:6,0
DA:32,0
DA:33,0
DA:39,0
DA:42,0
DA:45,0
DA:62,0
DA:66,0
DA:69,0
DA:70,0
DA:71,0
DA:86,0
DA:91,0
DA:101,0
DA:103,0
DA:108,0
DA:109,0
DA:112,0
DA:115,0
DA:120,0
DA:129,0
DA:131,0
DA:135,0
DA:152,0
DA:154,0
DA:172,0
DA:174,0
DA:175,0
DA:177,0
DA:182,0
DA:194,0
DA:196,0
DA:198,0
DA:199,0
DA:200,0
DA:201,0
DA:203,0
DA:206,0
DA:207,0
DA:208,0
DA:209,0
DA:211,0
DA:214,0
DA:215,0
DA:216,0
DA:217,0
DA:218,0
DA:220,0
DA:223,0
DA:224,0
DA:225,0
DA:226,0
DA:228,0
DA:231,0
DA:232,0
DA:233,0
DA:234,0
DA:236,0
DA:243,0
DA:244,0
DA:251,0
DA:252,0
DA:267,0
DA:268,0
DA:275,0
DA:276,0
DA:281,0
DA:284,0
DA:285,0
DA:287,0
LF:70
LH:0
BRDA:69,0,0,0
BRDA:69,1,0,0
BRDA:69,1,1,0
BRDA:108,2,0,0
BRDA:129,3,0,0
BRDA:129,3,1,0
BRDA:198,4,0,0
BRDA:206,5,0,0
BRDA:214,6,0,0
BRDA:217,7,0,0
BRDA:223,8,0,0
BRDA:242,9,0,0
BRDA:284,10,0,0
BRF:13
BRH:0
end_of_record
TN:
SF:src/integrations/github/project-board.ts
FN:22,(anonymous_0)
FN:42,(anonymous_1)
FN:43,(anonymous_2)
FN:44,(anonymous_3)
FN:73,(anonymous_4)
FN:77,(anonymous_5)
FN:89,(anonymous_6)
FN:102,(anonymous_7)
FN:115,(anonymous_8)
FN:137,(anonymous_9)
FN:156,(anonymous_10)
FN:181,getProjectBoard
FNF:12
FNH:0
FNDA:0,(anonymous_0)
FNDA:0,(anonymous_1)
FNDA:0,(anonymous_2)
FNDA:0,(anonymous_3)
FNDA:0,(anonymous_4)
FNDA:0,(anonymous_5)
FNDA:0,(anonymous_6)
FNDA:0,(anonymous_7)
FNDA:0,(anonymous_8)
FNDA:0,(anonymous_9)
FNDA:0,(anonymous_10)
FNDA:0,getProjectBoard
DA:4,0
DA:14,0
DA:23,0
DA:28,0
DA:35,0
DA:37,0
DA:38,0
DA:40,0
DA:41,0
DA:42,0
DA:43,0
DA:44,0
DA:46,0
DA:47,0
DA:48,0
DA:53,0
DA:55,0
DA:60,0
DA:66,0
DA:74,0
DA:76,0
DA:77,0
DA:79,0
DA:80,0
DA:83,0
DA:90,0
DA:93,0
DA:103,0
DA:105,0
DA:107,0
DA:108,0
DA:116,0
DA:129,0
DA:131,0
DA:138,0
DA:147,0
DA:148,0
DA:150,0
DA:160,0
DA:171,0
DA:172,0
DA:174,0
DA:179,0
DA:182,0
DA:183,0
DA:185,0
LF:46
LH:0
BRDA:37,0,0,0
BRDA:37,0,1,0
BRDA:42,1,0,0
BRDA:42,1,1,0
BRDA:42,1,2,0
BRDA:43,2,0,0
BRDA:43,2,1,0
BRDA:43,3,0,0
BRDA:43,3,1,0
BRDA:47,4,0,0
BRDA:47,5,0,0
BRDA:47,5,1,0
BRDA:62,6,0,0
BRDA:62,6,1,0
BRDA:77,7,0,0
BRDA:77,7,1,0
BRDA:77,7,2,0
BRDA:79,8,0,0
BRDA:79,9,0,0
BRDA:79,9,1,0
BRDA:79,9,2,0
BRDA:107,10,0,0
BRDA:165,11,0,0
BRDA:165,11,1,0
BRDA:182,12,0,0
BRF:25
BRH:0
end_of_record
TN:
SF:src/integrations/martha-commands/CommandIntegrationService.ts
FN:62,(anonymous_0)
FN:67,(anonymous_1)
FN:86,(anonymous_2)
FN:135,(anonymous_3)
FN:191,(anonymous_4)
FN:263,(anonymous_5)
FN:294,(anonymous_6)
FN:303,(anonymous_7)
FN:336,(anonymous_8)
FN:354,(anonymous_9)
FN:377,(anonymous_10)
FN:390,(anonymous_11)
FNF:12
FNH:0
FNDA:0,(anonymous_0)
FNDA:0,(anonymous_1)
FNDA:0,(anonymous_2)
FNDA:0,(anonymous_3)
FNDA:0,(anonymous_4)
FNDA:0,(anonymous_5)
FNDA:0,(anonymous_6)
FNDA:0,(anonymous_7)
FNDA:0,(anonymous_8)
FNDA:0,(anonymous_9)
FNDA:0,(anonymous_10)
FNDA:0,(anonymous_11)
DA:60,0
DA:62,0
DA:68,0
DA:72,0
DA:77,0
DA:87,0
DA:89,0
DA:90,0
DA:91,0
DA:95,0
DA:97,0
DA:110,0
DA:112,0
DA:119,0
DA:121,0
DA:136,0
DA:138,0
DA:139,0
DA:140,0
DA:144,0
DA:145,0
DA:146,0
DA:150,0
DA:152,0
DA:166,0
DA:168,0
DA:175,0
DA:177,0
DA:192,0
DA:194,0
DA:195,0
DA:196,0
DA:199,0
DA:202,0
DA:203,0
DA:204,0
DA:205,0
DA:209,0
DA:210,0
DA:211,0
DA:212,0
DA:216,0
DA:217,0
DA:218,0
DA:219,0
DA:220,0
DA:225,0
DA:226,0
DA:227,0
DA:228,0
DA:229,0
DA:233,0
DA:235,0
DA:242,0
DA:249,0
DA:251,0
DA:265,0
DA:269,0
DA:271,0
DA:272,0
DA:277,0
DA:278,0
DA:282,0
DA:283,0
DA:284,0
DA:285,0
DA:287,0
DA:297,0
DA:304,0
DA:314,0
DA:316,0
DA:317,0
DA:324,0
DA:326,0
DA:337,0
DA:342,0
DA:344,0
DA:355,0
DA:364,0
DA:365,0
DA:367,0
DA:380,0
DA:391,0
DA:392,0
DA:393,0
LF:85
LH:0
BRDA:69,0,0,0
BRDA:69,0,1,0
BRDA:74,1,0,0
BRDA:74,1,1,0
BRDA:90,2,0,0
BRDA:99,3,0,0
BRDA:99,3,1,0
BRDA:125,4,0,0
BRDA:125,4,1,0
BRDA:139,5,0,0
BRDA:145,6,0,0
BRDA:154,7,0,0
BRDA:154,7,1,0
BRDA:181,8,0,0
BRDA:181,8,1,0
BRDA:204,9,0,0
BRDA:211,10,0,0
BRDA:216,11,0,0
BRDA:219,12,0,0
BRDA:225,13,0,0
BRDA:228,14,0,0
BRDA:255,15,0,0
BRDA:255,15,1,0
BRDA:269,16,0,0
BRDA:282,17,0,0
BRDA:282,17,1,0
BRDA:284,18,0,0
BRDA:284,18,1,0
BRDA:316,19,0,0
BRDA:320,20,0,0
BRDA:320,20,1,0
BRDA:324,21,0,0
BRDA:324,21,1,0
BRDA:347,22,0,0
BRDA:347,22,1,0
BRDA:364,23,0,0
BRDA:364,23,1,0
BRDA:391,24,0,0
BRF:38
BRH:0
end_of_record
TN:
SF:src/mcp/server.ts
FN:35,(anonymous_0)
FN:59,(anonymous_1)
FN:61,(anonymous_2)
FN:410,(anonymous_3)
FN:450,(anonymous_4)
FN:463,(anonymous_5)
FNF:6
FNH:0
FNDA:0,(anonymous_0)
FNDA:0,(anonymous_1)
FNDA:0,(anonymous_2)
FNDA:0,(anonymous_3)
FNDA:0,(anonymous_4)
FNDA:0,(anonymous_5)
DA:18,0
DA:20,0
DA:36,0
DA:49,0
DA:50,0
DA:51,0
DA:52,0
DA:53,0
DA:54,0
DA:56,0
DA:61,0
DA:62,0
DA:406,0
DA:410,0
DA:411,0
DA:412,0
DA:414,0
DA:416,0
DA:418,0
DA:419,0
DA:420,0
DA:421,0
DA:422,0
DA:423,0
DA:424,0
DA:425,0
DA:426,0
DA:427,0
DA:428,0
DA:429,0
DA:432,0
DA:434,0
DA:438,0
DA:451,0
DA:452,0
DA:454,0
DA:462,0
DA:463,0
DA:464,0
DA:467,0
LF:40
LH:0
BRDA:412,0,0,0
BRDA:412,0,1,0
BRDA:418,1,0,0
BRDA:418,1,1,0
BRDA:420,2,0,0
BRDA:420,2,1,0
BRDA:422,3,0,0
BRDA:422,3,1,0
BRDA:424,4,0,0
BRDA:424,4,1,0
BRDA:426,5,0,0
BRDA:426,5,1,0
BRDA:428,6,0,0
BRDA:435,7,0,0
BRDA:435,7,1,0
BRDA:442,8,0,0
BRDA:442,8,1,0
BRDA:465,9,0,0
BRDA:465,9,1,0
BRF:19
BRH:0
end_of_record
TN:
SF:src/mcp/tools/epic-tools.ts
FN:16,(anonymous_0)
FN:20,(anonymous_1)
FN:36,(anonymous_2)
FN:127,(anonymous_3)
FN:196,(anonymous_4)
FN:254,(anonymous_5)
FN:255,(anonymous_6)
FN:256,(anonymous_7)
FNF:8
FNH:0
FNDA:0,(anonymous_0)
FNDA:0,(anonymous_1)
FNDA:0,(anonymous_2)
FNDA:0,(anonymous_3)
FNDA:0,(anonymous_4)
FNDA:0,(anonymous_5)
FNDA:0,(anonymous_6)
FNDA:0,(anonymous_7)
DA:8,0
DA:17,0
DA:21,0
DA:23,0
DA:25,0
DA:27,0
DA:29,0
DA:37,0
DA:39,0
DA:40,0
DA:44,0
DA:46,0
DA:48,0
DA:50,0
DA:51,0
DA:70,0
DA:71,0
DA:73,0
DA:76,0
DA:79,0
DA:81,0
DA:116,0
DA:120,0
DA:128,0
DA:130,0
DA:131,0
DA:134,0
DA:136,0
DA:138,0
DA:142,0
DA:144,0
DA:166,0
DA:167,0
DA:185,0
DA:189,0
DA:197,0
DA:199,0
DA:200,0
DA:203,0
DA:205,0
DA:206,0
DA:207,0
DA:209,0
DA:210,0
DA:229,0
DA:230,0
DA:231,0
DA:232,0
DA:235,0
DA:238,0
DA:242,0
DA:254,0
DA:255,0
DA:256,0
DA:278,0
DA:282,0
LF:56
LH:0
BRDA:21,0,0,0
BRDA:21,0,1,0
BRDA:21,0,2,0
BRDA:21,0,3,0
BRDA:39,1,0,0
BRDA:44,2,0,0
BRDA:44,2,1,0
BRDA:50,3,0,0
BRDA:118,4,0,0
BRDA:118,4,1,0
BRDA:130,5,0,0
BRDA:166,6,0,0
BRDA:166,7,0,0
BRDA:166,7,1,0
BRDA:187,8,0,0
BRDA:187,8,1,0
BRDA:199,9,0,0
BRDA:209,10,0,0
BRDA:230,11,0,0
BRDA:262,12,0,0
BRDA:262,12,1,0
BRDA:265,13,0,0
BRDA:265,13,1,0
BRDA:280,14,0,0
BRDA:280,14,1,0
BRF:25
BRH:0
end_of_record
TN:
SF:src/mcp/tools/event-tools.ts
FN:14,(anonymous_0)
FN:18,(anonymous_1)
FN:32,(anonymous_2)
FN:87,(anonymous_3)
FN:92,(anonymous_4)
FN:135,(anonymous_5)
FNF:6
FNH:0
FNDA:0,(anonymous_0)
FNDA:0,(anonymous_1)
FNDA:0,(anonymous_2)
FNDA:0,(anonymous_3)
FNDA:0,(anonymous_4)
FNDA:0,(anonymous_5)
DA:6,0
DA:15,0
DA:19,0
DA:21,0
DA:23,0
DA:25,0
DA:33,0
DA:35,0
DA:36,0
DA:39,0
DA:40,0
DA:42,0
DA:44,0
DA:45,0
DA:50,0
DA:56,0
DA:59,0
DA:60,0
DA:61,0
DA:62,0
DA:64,0
DA:65,0
DA:66,0
DA:70,0
DA:87,0
DA:92,0
DA:105,0
DA:106,0
DA:124,0
DA:128,0
DA:136,0
DA:138,0
DA:139,0
DA:142,0
DA:148,0
LF:35
LH:0
BRDA:19,0,0,0
BRDA:19,0,1,0
BRDA:19,0,2,0
BRDA:35,1,0,0
BRDA:39,2,0,0
BRDA:39,2,1,0
BRDA:40,3,0,0
BRDA:40,3,1,0
BRDA:47,4,0,0
BRDA:47,4,1,0
BRDA:61,5,0,0
BRDA:65,6,0,0
BRDA:80,7,0,0
BRDA:80,7,1,0
BRDA:105,8,0,0
BRDA:105,9,0,0
BRDA:105,9,1,0
BRDA:126,10,0,0
BRDA:126,10,1,0
BRDA:138,11,0,0
BRF:20
BRH:0
end_of_record
TN:
SF:src/mcp/tools/swarm-tools.ts
FN:16,(anonymous_0)
FN:34,(anonymous_1)
FN:141,(anonymous_2)
FN:244,(anonymous_3)
FN:324,(anonymous_4)
FN:337,(anonymous_5)
FNF:6
FNH:0
FNDA:0,(anonymous_0)
FNDA:0,(anonymous_1)
FNDA:0,(anonymous_2)
FNDA:0,(anonymous_3)
FNDA:0,(anonymous_4)
FNDA:0,(anonymous_5)
DA:7,0
DA:13,0
DA:14,0
DA:17,0
DA:19,0
DA:21,0
DA:23,0
DA:25,0
DA:27,0
DA:35,0
DA:37,0
DA:38,0
DA:41,0
DA:43,0
DA:45,0
DA:48,0
DA:49,0
DA:50,0
DA:51,0
DA:53,0
DA:54,0
DA:63,0
DA:71,0
DA:77,0
DA:112,0
DA:117,0
DA:142,0
DA:144,0
DA:145,0
DA:148,0
DA:150,0
DA:151,0
DA:153,0
DA:197,0
DA:202,0
DA:203,0
DA:221,0
DA:245,0
DA:247,0
DA:248,0
DA:251,0
DA:253,0
DA:255,0
DA:256,0
DA:258,0
DA:277,0
DA:282,0
DA:283,0
DA:301,0
DA:325,0
DA:327,0
DA:328,0
DA:330,0
DA:337,0
DA:359,0
DA:363,0
LF:56
LH:0
BRDA:17,0,0,0
BRDA:17,0,1,0
BRDA:17,0,2,0
BRDA:17,0,3,0
BRDA:17,0,4,0
BRDA:37,1,0,0
BRDA:41,2,0,0
BRDA:41,2,1,0
BRDA:48,3,0,0
BRDA:48,4,0,0
BRDA:48,4,1,0
BRDA:53,5,0,0
BRDA:65,6,0,0
BRDA:65,6,1,0
BRDA:114,7,0,0
BRDA:114,7,1,0
BRDA:125,8,0,0
BRDA:125,8,1,0
BRDA:144,9,0,0
BRDA:181,10,0,0
BRDA:181,10,1,0
BRDA:182,11,0,0
BRDA:182,11,1,0
BRDA:183,12,0,0
BRDA:183,12,1,0
BRDA:184,13,0,0
BRDA:184,13,1,0
BRDA:187,14,0,0
BRDA:187,14,1,0
BRDA:199,15,0,0
BRDA:199,15,1,0
BRDA:202,16,0,0
BRDA:202,17,0,0
BRDA:202,17,1,0
BRDA:229,18,0,0
BRDA:229,18,1,0
BRDA:247,19,0,0
BRDA:251,20,0,0
BRDA:251,20,1,0
BRDA:279,21,0,0
BRDA:279,21,1,0
BRDA:282,22,0,0
BRDA:282,23,0,0
BRDA:282,23,1,0
BRDA:309,24,0,0
BRDA:309,24,1,0
BRDA:360,25,0,0
BRDA:360,25,1,0
BRDA:370,26,0,0
BRDA:370,26,1,0
BRF:50
BRH:0
end_of_record
TN:
SF:src/mcp/tools/test-tools.ts
FN:14,(anonymous_0)
FN:18,(anonymous_1)
FN:36,(anonymous_2)
FN:117,(anonymous_3)
FN:166,(anonymous_4)
FN:212,(anonymous_5)
FN:287,(anonymous_6)
FNF:7
FNH:0
FNDA:0,(anonymous_0)
FNDA:0,(anonymous_1)
FNDA:0,(anonymous_2)
FNDA:0,(anonymous_3)
FNDA:0,(anonymous_4)
FNDA:0,(anonymous_5)
FNDA:0,(anonymous_6)
DA:6,0
DA:15,0
DA:19,0
DA:21,0
DA:23,0
DA:25,0
DA:27,0
DA:37,0
DA:39,0
DA:40,0
DA:43,0
DA:44,0
DA:47,0
DA:53,0
DA:54,0
DA:60,0
DA:62,0
DA:85,0
DA:86,0
DA:87,0
DA:105,0
DA:108,0
DA:118,0
DA:120,0
DA:121,0
DA:124,0
DA:126,0
DA:127,0
DA:129,0
DA:132,0
DA:142,0
DA:143,0
DA:144,0
DA:145,0
DA:148,0
DA:149,0
DA:152,0
DA:153,0
DA:162,0
DA:163,0
DA:166,0
DA:171,0
DA:180,0
DA:181,0
DA:199,0
DA:203,0
DA:213,0
DA:215,0
DA:216,0
DA:234,0
DA:235,0
DA:253,0
DA:255,0
DA:261,0
DA:264,0
DA:265,0
DA:268,0
DA:269,0
DA:273,0
DA:276,0
DA:279,0
DA:280,0
DA:282,0
DA:287,0
DA:294,0
DA:314,0
DA:315,0
DA:334,0
DA:339,0
LF:69
LH:0
BRDA:19,0,0,0
BRDA:19,0,1,0
BRDA:19,0,2,0
BRDA:19,0,3,0
BRDA:39,1,0,0
BRDA:43,2,0,0
BRDA:43,3,0,0
BRDA:43,3,1,0
BRDA:57,4,0,0
BRDA:57,4,1,0
BRDA:85,5,0,0
BRDA:85,6,0,0
BRDA:85,6,1,0
BRDA:93,7,0,0
BRDA:93,7,1,0
BRDA:94,8,0,0
BRDA:94,8,1,0
BRDA:106,9,0,0
BRDA:106,9,1,0
BRDA:120,10,0,0
BRDA:142,11,0,0
BRDA:142,11,1,0
BRDA:152,12,0,0
BRDA:156,13,0,0
BRDA:156,13,1,0
BRDA:162,14,0,0
BRDA:166,15,0,0
BRDA:166,15,1,0
BRDA:180,16,0,0
BRDA:180,17,0,0
BRDA:180,17,1,0
BRDA:201,18,0,0
BRDA:201,18,1,0
BRDA:215,19,0,0
BRDA:215,20,0,0
BRDA:215,20,1,0
BRDA:234,21,0,0
BRDA:234,22,0,0
BRDA:234,22,1,0
BRDA:253,23,0,0
BRDA:253,23,1,0
BRDA:264,24,0,0
BRDA:264,24,1,0
BRDA:264,25,0,0
BRDA:264,25,1,0
BRDA:268,26,0,0
BRDA:268,26,1,0
BRDA:268,27,0,0
BRDA:268,27,1,0
BRDA:279,28,0,0
BRDA:279,28,1,0
BRDA:285,29,0,0
BRDA:285,29,1,0
BRDA:291,30,0,0
BRDA:291,30,1,0
BRDA:300,31,0,0
BRDA:300,31,1,0
BRDA:314,32,0,0
BRDA:314,33,0,0
BRDA:314,33,1,0
BRDA:322,34,0,0
BRDA:322,34,1,0
BRDA:337,35,0,0
BRDA:337,35,1,0
BRF:64
BRH:0
end_of_record
TN:
SF:src/mcp/tools/tunnel-tools.ts
FN:16,(anonymous_0)
FN:30,(anonymous_1)
FN:91,(anonymous_2)
FN:184,(anonymous_3)
FNF:4
FNH:0
FNDA:0,(anonymous_0)
FNDA:0,(anonymous_1)
FNDA:0,(anonymous_2)
FNDA:0,(anonymous_3)
DA:7,0
DA:13,0
DA:14,0
DA:17,0
DA:19,0
DA:21,0
DA:23,0
DA:31,0
DA:33,0
DA:34,0
DA:37,0
DA:38,0
DA:41,0
DA:43,0
DA:45,0
DA:47,0
DA:48,0
DA:68,0
DA:71,0
DA:74,0
DA:75,0
DA:78,0
DA:79,0
DA:87,0
DA:88,0
DA:91,0
DA:94,0
DA:97,0
DA:98,0
DA:117,0
DA:123,0
DA:155,0
DA:160,0
DA:185,0
DA:187,0
DA:188,0
DA:191,0
DA:193,0
DA:195,0
DA:200,0
DA:201,0
DA:219,0
DA:221,0
DA:222,0
DA:239,0
DA:242,0
DA:243,0
DA:246,0
DA:247,0
DA:248,0
DA:252,0
DA:253,0
DA:256,0
DA:263,0
DA:284,0
DA:289,0
LF:56
LH:0
BRDA:17,0,0,0
BRDA:17,0,1,0
BRDA:17,0,2,0
BRDA:33,1,0,0
BRDA:37,2,0,0
BRDA:41,3,0,0
BRDA:41,3,1,0
BRDA:47,4,0,0
BRDA:47,5,0,0
BRDA:47,5,1,0
BRDA:71,6,0,0
BRDA:71,6,1,0
BRDA:109,7,0,0
BRDA:109,7,1,0
BRDA:119,8,0,0
BRDA:119,8,1,0
BRDA:137,9,0,0
BRDA:137,9,1,0
BRDA:157,10,0,0
BRDA:157,10,1,0
BRDA:168,11,0,0
BRDA:168,11,1,0
BRDA:187,12,0,0
BRDA:200,13,0,0
BRDA:221,14,0,0
BRDA:246,15,0,0
BRDA:286,16,0,0
BRDA:286,16,1,0
BRDA:297,17,0,0
BRDA:297,17,1,0
BRF:30
BRH:0
end_of_record
TN:
SF:src/mcp/tools/worktree-tools.ts
FN:18,(anonymous_0)
FN:22,(anonymous_1)
FN:42,(anonymous_2)
FN:108,(anonymous_3)
FN:217,(anonymous_4)
FN:288,(anonymous_5)
FN:379,(anonymous_6)
FN:403,(anonymous_7)
FNF:8
FNH:0
FNDA:0,(anonymous_0)
FNDA:0,(anonymous_1)
FNDA:0,(anonymous_2)
FNDA:0,(anonymous_3)
FNDA:0,(anonymous_4)
FNDA:0,(anonymous_5)
FNDA:0,(anonymous_6)
FNDA:0,(anonymous_7)
DA:9,0
DA:10,0
DA:19,0
DA:23,0
DA:25,0
DA:27,0
DA:29,0
DA:31,0
DA:33,0
DA:35,0
DA:43,0
DA:44,0
DA:46,0
DA:48,0
DA:49,0
DA:50,0
DA:52,0
DA:78,0
DA:82,0
DA:109,0
DA:112,0
DA:113,0
DA:116,0
DA:117,0
DA:118,0
DA:120,0
DA:127,0
DA:131,0
DA:132,0
DA:133,0
DA:134,0
DA:135,0
DA:140,0
DA:144,0
DA:145,0
DA:153,0
DA:187,0
DA:193,0
DA:218,0
DA:220,0
DA:221,0
DA:224,0
DA:226,0
DA:227,0
DA:231,0
DA:233,0
DA:257,0
DA:258,0
DA:277,0
DA:281,0
DA:289,0
DA:291,0
DA:292,0
DA:295,0
DA:297,0
DA:299,0
DA:300,0
DA:302,0
DA:324,0
DA:329,0
DA:332,0
DA:333,0
DA:356,0
DA:380,0
DA:382,0
DA:383,0
DA:390,0
DA:392,0
DA:403,0
DA:418,0
DA:421,0
LF:71
LH:0
BRDA:23,0,0,0
BRDA:23,0,1,0
BRDA:23,0,2,0
BRDA:23,0,3,0
BRDA:23,0,4,0
BRDA:23,0,5,0
BRDA:44,1,0,0
BRDA:44,1,1,0
BRDA:79,2,0,0
BRDA:79,2,1,0
BRDA:89,3,0,0
BRDA:89,3,1,0
BRDA:91,4,0,0
BRDA:91,4,1,0
BRDA:91,5,0,0
BRDA:91,5,1,0
BRDA:112,6,0,0
BRDA:116,7,0,0
BRDA:116,7,1,0
BRDA:117,8,0,0
BRDA:117,8,1,0
BRDA:118,9,0,0
BRDA:118,9,1,0
BRDA:131,10,0,0
BRDA:131,11,0,0
BRDA:131,11,1,0
BRDA:133,12,0,0
BRDA:133,12,1,0
BRDA:166,13,0,0
BRDA:166,13,1,0
BRDA:190,14,0,0
BRDA:190,14,1,0
BRDA:200,15,0,0
BRDA:200,15,1,0
BRDA:220,16,0,0
BRDA:246,17,0,0
BRDA:246,17,1,0
BRDA:257,18,0,0
BRDA:257,19,0,0
BRDA:257,19,1,0
BRDA:279,20,0,0
BRDA:279,20,1,0
BRDA:291,21,0,0
BRDA:295,22,0,0
BRDA:295,22,1,0
BRDA:326,23,0,0
BRDA:326,23,1,0
BRDA:329,24,0,0
BRDA:329,24,1,0
BRDA:332,25,0,0
BRDA:408,26,0,0
BRDA:408,26,1,0
BRDA:419,27,0,0
BRDA:419,27,1,0
BRF:54
BRH:0
end_of_record
TN:
SF:src/middleware/errorHandler.ts
FN:11,(anonymous_0)
FN:23,(anonymous_1)
FN:29,(anonymous_2)
FN:35,(anonymous_3)
FN:41,(anonymous_4)
FN:47,(anonymous_5)
FN:53,(anonymous_6)
FN:61,errorHandler
FN:115,asyncHandler
FN:118,(anonymous_9)
FN:126,notFoundHandler
FN:133,validateRequest
FN:138,(anonymous_12)
FN:170,validateObject
FNF:14
FNH:0
FNDA:0,(anonymous_0)
FNDA:0,(anonymous_1)
FNDA:0,(anonymous_2)
FNDA:0,(anonymous_3)
FNDA:0,(anonymous_4)
FNDA:0,(anonymous_5)
FNDA:0,(anonymous_6)
FNDA:0,errorHandler
FNDA:0,asyncHandler
FNDA:0,(anonymous_9)
FNDA:0,notFoundHandler
FNDA:0,validateRequest
FNDA:0,(anonymous_12)
FNDA:0,validateObject
DA:12,0
DA:13,0
DA:14,0
DA:16,0
DA:17,0
DA:18,0
DA:23,0
DA:24,0
DA:30,0
DA:36,0
DA:42,0
DA:47,0
DA:48,0
DA:53,0
DA:54,0
DA:68,0
DA:77,0
DA:78,0
DA:79,0
DA:81,0
DA:84,0
DA:88,0
DA:89,0
DA:96,0
DA:97,0
DA:100,0
DA:103,0
DA:118,0
DA:119,0
DA:127,0
DA:138,0
DA:139,0
DA:142,0
DA:143,0
DA:144,0
DA:148,0
DA:149,0
DA:150,0
DA:154,0
DA:155,0
DA:156,0
DA:159,0
DA:160,0
DA:162,0
DA:171,0
DA:173,0
DA:174,0
DA:175,0
DA:178,0
DA:179,0
DA:180,0
DA:184,0
DA:185,0
DA:189,0
DA:190,0
DA:191,0
DA:192,0
DA:193,0
DA:198,0
DA:199,0
DA:200,0
DA:202,0
DA:203,0
DA:205,0
DA:206,0
DA:211,0
DA:212,0
DA:213,0
DA:215,0
DA:216,0
DA:221,0
DA:222,0
DA:223,0
DA:225,0
DA:226,0
DA:231,0
DA:232,0
DA:236,0
LF:78
LH:0
BRDA:14,0,0,0
BRDA:35,1,0,0
BRDA:77,2,0,0
BRDA:77,2,1,0
BRDA:78,3,0,0
BRDA:78,3,1,0
BRDA:88,4,0,0
BRDA:88,4,1,0
BRDA:96,5,0,0
BRDA:96,6,0,0
BRDA:96,6,1,0
BRDA:142,7,0,0
BRDA:148,8,0,0
BRDA:154,9,0,0
BRDA:159,10,0,0
BRDA:159,10,1,0
BRDA:178,11,0,0
BRDA:178,12,0,0
BRDA:178,12,1,0
BRDA:178,12,2,0
BRDA:178,12,3,0
BRDA:184,13,0,0
BRDA:184,14,0,0
BRDA:184,14,1,0
BRDA:184,14,2,0
BRDA:189,15,0,0
BRDA:190,16,0,0
BRDA:190,16,1,0
BRDA:191,17,0,0
BRDA:198,18,0,0
BRDA:199,19,0,0
BRDA:199,20,0,0
BRDA:199,20,1,0
BRDA:202,21,0,0
BRDA:202,22,0,0
BRDA:202,22,1,0
BRDA:205,23,0,0
BRDA:205,24,0,0
BRDA:205,24,1,0
BRDA:211,25,0,0
BRDA:212,26,0,0
BRDA:212,27,0,0
BRDA:212,27,1,0
BRDA:215,28,0,0
BRDA:215,29,0,0
BRDA:215,29,1,0
BRDA:221,30,0,0
BRDA:222,31,0,0
BRDA:222,32,0,0
BRDA:222,32,1,0
BRDA:225,33,0,0
BRDA:225,34,0,0
BRDA:225,34,1,0
BRDA:231,35,0,0
BRDA:231,36,0,0
BRDA:231,36,1,0
BRF:56
BRH:0
end_of_record
TN:
SF:src/middleware/metrics.ts
FN:148,metricsMiddleware
FN:155,(anonymous_1)
FN:173,normalizeRoute
FN:185,instrumentQuery
FN:193,(anonymous_4)
FN:199,(anonymous_5)
FN:210,instrumentWorkflow
FN:242,metricsHandler
FN:255,updateConnectionPoolMetrics
FN:264,updateAgentMetrics
FN:288,updateExceptionMetrics
FN:316,startMetricsUpdates
FN:317,(anonymous_12)
FN:322,(anonymous_13)
FNF:14
FNH:0
FNDA:0,metricsMiddleware
FNDA:0,(anonymous_1)
FNDA:0,normalizeRoute
FNDA:0,instrumentQuery
FNDA:0,(anonymous_4)
FNDA:0,(anonymous_5)
FNDA:0,instrumentWorkflow
FNDA:0,metricsHandler
FNDA:0,updateConnectionPoolMetrics
FNDA:0,updateAgentMetrics
FNDA:0,updateExceptionMetrics
FNDA:0,startMetricsUpdates
FNDA:0,(anonymous_12)
FNDA:0,(anonymous_13)
DA:12,0
DA:15,0
DA:18,0
DA:26,0
DA:33,0
DA:41,0
DA:49,0
DA:56,0
DA:64,0
DA:71,0
DA:78,0
DA:86,0
DA:94,0
DA:101,0
DA:108,0
DA:116,0
DA:123,0
DA:131,0
DA:138,0
DA:149,0
DA:152,0
DA:155,0
DA:156,0
DA:157,0
DA:159,0
DA:160,0
DA:162,0
DA:163,0
DA:167,0
DA:174,0
DA:190,0
DA:192,0
DA:194,0
DA:195,0
DA:196,0
DA:197,0
DA:200,0
DA:201,0
DA:202,0
DA:203,0
DA:214,0
DA:215,0
DA:217,0
DA:219,0
DA:220,0
DA:221,0
DA:223,0
DA:224,0
DA:226,0
DA:228,0
DA:230,0
DA:231,0
DA:233,0
DA:235,0
DA:243,0
DA:244,0
DA:245,0
DA:247,0
DA:248,0
DA:256,0
DA:257,0
DA:258,0
DA:265,0
DA:266,0
DA:276,0
DA:277,0
DA:278,0
DA:281,0
DA:289,0
DA:290,0
DA:301,0
DA:303,0
DA:304,0
DA:309,0
DA:317,0
DA:318,0
DA:322,0
DA:323,0
DA:327,0
LF:79
LH:0
BRDA:162,0,0,0
BRDA:316,1,0,0
BRF:2
BRH:0
end_of_record
TN:
SF:src/middleware/rateLimiter.ts
FN:31,(anonymous_0)
FN:47,(anonymous_1)
FN:52,(anonymous_2)
FN:66,(anonymous_3)
FN:68,(anonymous_4)
FN:86,(anonymous_5)
FN:114,(anonymous_6)
FN:118,(anonymous_7)
FN:126,defaultKeyGenerator
FN:133,createRateLimiter
FN:145,(anonymous_10)
FN:197,strictRateLimiter
FN:208,standardRateLimiter
FN:219,lenientRateLimiter
FN:230,userRateLimiter
FN:235,(anonymous_15)
FN:251,(anonymous_17)
FN:252,(anonymous_18)
FNF:18
FNH:0
FNDA:0,(anonymous_0)
FNDA:0,(anonymous_1)
FNDA:0,(anonymous_2)
FNDA:0,(anonymous_3)
FNDA:0,(anonymous_4)
FNDA:0,(anonymous_5)
FNDA:0,(anonymous_6)
FNDA:0,(anonymous_7)
FNDA:0,defaultKeyGenerator
FNDA:0,createRateLimiter
FNDA:0,(anonymous_10)
FNDA:0,strictRateLimiter
FNDA:0,standardRateLimiter
FNDA:0,lenientRateLimiter
FNDA:0,userRateLimiter
FNDA:0,(anonymous_15)
FNDA:0,(anonymous_17)
FNDA:0,(anonymous_18)
DA:29,0
DA:32,0
DA:33,0
DA:35,0
DA:37,0
DA:38,0
DA:39,0
DA:43,0
DA:44,0
DA:48,0
DA:53,0
DA:54,0
DA:55,0
DA:56,0
DA:66,0
DA:70,0
DA:80,0
DA:87,0
DA:88,0
DA:90,0
DA:108,0
DA:115,0
DA:119,0
DA:127,0
DA:143,0
DA:145,0
DA:146,0
DA:148,0
DA:149,0
DA:153,0
DA:156,0
DA:159,0
DA:160,0
DA:161,0
DA:164,0
DA:165,0
DA:166,0
DA:168,0
DA:175,0
DA:176,0
DA:178,0
DA:180,0
DA:183,0
DA:185,0
DA:187,0
DA:198,0
DA:209,0
DA:220,0
DA:231,0
DA:236,0
DA:237,0
DA:251,0
DA:252,0
LF:53
LH:0
BRDA:35,0,0,0
BRDA:35,1,0,0
BRDA:35,1,1,0
BRDA:55,2,0,0
BRDA:127,3,0,0
BRDA:127,3,1,0
BRDA:127,3,2,0
BRDA:135,4,0,0
BRDA:140,5,0,0
BRDA:148,6,0,0
BRDA:148,7,0,0
BRDA:148,7,1,0
BRDA:164,8,0,0
BRDA:175,9,0,0
BRDA:175,9,1,0
BRDA:237,10,0,0
BRDA:237,10,1,0
BRDA:237,11,0,0
BRDA:237,11,1,0
BRDA:249,12,0,0
BRF:20
BRH:0
end_of_record
TN:
SF:src/middleware/security.ts
FN:41,(anonymous_0)
FN:76,sanitizeInput
FN:93,sanitizeObject
FN:116,sanitizeString
FN:128,apiKeyAuth
FN:155,optionalApiKeyAuth
FN:172,validateContentType
FN:192,requestLogger
FN:195,(anonymous_8)
FN:215,isSafeIdentifier
FN:223,validateSqlIdentifier
FN:224,(anonymous_11)
FN:243,preventParameterPollution
FN:263,requestTimeout
FN:264,(anonymous_14)
FN:265,(anonymous_15)
FN:282,(anonymous_16)
FNF:17
FNH:0
FNDA:0,(anonymous_0)
FNDA:0,sanitizeInput
FNDA:0,sanitizeObject
FNDA:0,sanitizeString
FNDA:0,apiKeyAuth
FNDA:0,optionalApiKeyAuth
FNDA:0,validateContentType
FNDA:0,requestLogger
FNDA:0,(anonymous_8)
FNDA:0,isSafeIdentifier
FNDA:0,validateSqlIdentifier
FNDA:0,(anonymous_11)
FNDA:0,preventParameterPollution
FNDA:0,requestTimeout
FNDA:0,(anonymous_14)
FNDA:0,(anonymous_15)
FNDA:0,(anonymous_16)
DA:16,0
DA:40,0
DA:43,0
DA:46,0
DA:55,0
DA:60,0
DA:62,0
DA:63,0
DA:78,0
DA:79,0
DA:83,0
DA:84,0
DA:87,0
DA:94,0
DA:95,0
DA:98,0
DA:99,0
DA:100,0
DA:101,0
DA:103,0
DA:106,0
DA:107,0
DA:110,0
DA:117,0
DA:129,0
DA:131,0
DA:132,0
DA:136,0
DA:138,0
DA:139,0
DA:143,0
DA:147,0
DA:149,0
DA:156,0
DA:158,0
DA:159,0
DA:160,0
DA:161,0
DA:162,0
DA:166,0
DA:173,0
DA:174,0
DA:176,0
DA:177,0
DA:186,0
DA:193,0
DA:195,0
DA:196,0
DA:198,0
DA:209,0
DA:217,0
DA:224,0
DA:225,0
DA:227,0
DA:228,0
DA:236,0
DA:245,0
DA:246,0
DA:247,0
DA:249,0
DA:250,0
DA:251,0
DA:257,0
DA:264,0
DA:265,0
DA:266,0
DA:267,0
DA:273,0
DA:282,0
DA:283,0
DA:286,0
LF:71
LH:0
BRDA:43,0,0,0
BRDA:55,1,0,0
BRDA:55,1,1,0
BRDA:56,2,0,0
BRDA:56,2,1,0
BRDA:56,2,2,0
BRDA:78,3,0,0
BRDA:78,4,0,0
BRDA:78,4,1,0
BRDA:83,5,0,0
BRDA:83,6,0,0
BRDA:83,6,1,0
BRDA:94,7,0,0
BRDA:98,8,0,0
BRDA:98,9,0,0
BRDA:98,9,1,0
BRDA:106,10,0,0
BRDA:129,11,0,0
BRDA:129,11,1,0
BRDA:131,12,0,0
BRDA:136,13,0,0
BRDA:136,13,1,0
BRDA:138,14,0,0
BRDA:156,15,0,0
BRDA:156,15,1,0
BRDA:158,16,0,0
BRDA:159,17,0,0
BRDA:159,17,1,0
BRDA:160,18,0,0
BRDA:173,19,0,0
BRDA:176,20,0,0
BRDA:176,21,0,0
BRDA:176,21,1,0
BRDA:205,22,0,0
BRDA:205,22,1,0
BRDA:225,23,0,0
BRDA:225,23,1,0
BRDA:225,23,2,0
BRDA:227,24,0,0
BRDA:227,25,0,0
BRDA:227,25,1,0
BRDA:245,26,0,0
BRDA:247,27,0,0
BRDA:247,28,0,0
BRDA:247,28,1,0
BRDA:250,29,0,0
BRDA:263,30,0,0
BRDA:266,31,0,0
BRF:48
BRH:0
end_of_record
TN:
SF:src/redis/client.ts
FN:14,(anonymous_0)
FN:40,(anonymous_1)
FN:44,(anonymous_2)
FN:48,(anonymous_3)
FN:55,(anonymous_4)
FN:59,(anonymous_5)
FN:66,(anonymous_6)
FN:70,(anonymous_7)
FN:80,checkRedisHealth
FN:96,closeRedis
FN:105,publishEvent
FN:119,subscribeToChannel
FN:125,(anonymous_12)
FN:145,storeEvent
FN:166,getRecentEvents
FN:172,(anonymous_15)
FN:183,(anonymous_16)
FNF:17
FNH:0
FNDA:0,(anonymous_0)
FNDA:0,(anonymous_1)
FNDA:0,(anonymous_2)
FNDA:0,(anonymous_3)
FNDA:0,(anonymous_4)
FNDA:0,(anonymous_5)
FNDA:0,(anonymous_6)
FNDA:0,(anonymous_7)
FNDA:0,checkRedisHealth
FNDA:0,closeRedis
FNDA:0,publishEvent
FNDA:0,subscribeToChannel
FNDA:0,(anonymous_12)
FNDA:0,storeEvent
FNDA:0,getRecentEvents
FNDA:0,(anonymous_15)
FNDA:0,(anonymous_16)
DA:6,0
DA:12,0
DA:15,0
DA:16,0
DA:17,0
DA:27,0
DA:35,0
DA:40,0
DA:41,0
DA:44,0
DA:45,0
DA:48,0
DA:49,0
DA:55,0
DA:56,0
DA:59,0
DA:60,0
DA:66,0
DA:67,0
DA:70,0
DA:71,0
DA:81,0
DA:82,0
DA:83,0
DA:84,0
DA:86,0
DA:89,0
DA:97,0
DA:98,0
DA:99,0
DA:106,0
DA:111,0
DA:112,0
DA:113,0
DA:123,0
DA:125,0
DA:126,0
DA:127,0
DA:128,0
DA:129,0
DA:131,0
DA:139,0
DA:150,0
DA:156,0
DA:170,0
DA:171,0
DA:173,0
DA:174,0
DA:176,0
DA:180,0
DA:183,0
LF:51
LH:0
BRDA:87,0,0,0
BRDA:87,0,1,0
BRDA:126,1,0,0
BRDA:133,2,0,0
BRDA:133,2,1,0
BRDA:148,3,0,0
BRDA:168,4,0,0
BRDA:178,5,0,0
BRDA:178,5,1,0
BRF:9
BRH:0
end_of_record
TN:
SF:src/redis/event-store.ts
FN:24,storeEvent
FN:55,getEventHistory
FN:67,(anonymous_2)
FN:89,getAllRecentEvents
FN:99,(anonymous_4)
FN:104,(anonymous_5)
FN:121,clearWorktreeEvents
FN:139,getEventCount
FNF:8
FNH:0
FNDA:0,storeEvent
FNDA:0,getEventHistory
FNDA:0,(anonymous_2)
FNDA:0,getAllRecentEvents
FNDA:0,(anonymous_4)
FNDA:0,(anonymous_5)
FNDA:0,clearWorktreeEvents
FNDA:0,getEventCount
DA:6,0
DA:8,0
DA:9,0
DA:25,0
DA:26,0
DA:27,0
DA:30,0
DA:33,0
DA:36,0
DA:38,0
DA:43,0
DA:48,0
DA:60,0
DA:61,0
DA:64,0
DA:67,0
DA:69,0
DA:76,0
DA:78,0
DA:82,0
DA:90,0
DA:92,0
DA:94,0
DA:97,0
DA:98,0
DA:99,0
DA:100,0
DA:104,0
DA:105,0
DA:109,0
DA:111,0
DA:114,0
DA:122,0
DA:123,0
DA:124,0
DA:126,0
DA:128,0
DA:132,0
DA:140,0
DA:141,0
DA:142,0
DA:143,0
DA:145,0
DA:149,0
LF:44
LH:0
BRDA:44,0,0,0
BRDA:44,0,1,0
BRDA:57,1,0,0
BRDA:58,2,0,0
BRDA:79,3,0,0
BRDA:79,3,1,0
BRDA:89,4,0,0
BRDA:112,5,0,0
BRDA:112,5,1,0
BRDA:129,6,0,0
BRDA:129,6,1,0
BRDA:146,7,0,0
BRDA:146,7,1,0
BRF:13
BRH:0
end_of_record
TN:
SF:src/redis/pub-sub.ts
FN:17,(anonymous_0)
FN:24,(anonymous_1)
FN:27,(anonymous_2)
FN:30,(anonymous_3)
FN:49,(anonymous_4)
FN:69,(anonymous_5)
FN:95,(anonymous_6)
FNF:7
FNH:0
FNDA:0,(anonymous_0)
FNDA:0,(anonymous_1)
FNDA:0,(anonymous_2)
FNDA:0,(anonymous_3)
FNDA:0,(anonymous_4)
FNDA:0,(anonymous_5)
FNDA:0,(anonymous_6)
DA:5,0
DA:13,0
DA:14,0
DA:15,0
DA:18,0
DA:25,0
DA:27,0
DA:28,0
DA:29,0
DA:30,0
DA:31,0
DA:32,0
DA:34,0
DA:43,0
DA:51,0
DA:52,0
DA:53,0
DA:54,0
DA:56,0
DA:59,0
DA:60,0
DA:61,0
DA:62,0
DA:70,0
DA:72,0
DA:73,0
DA:74,0
DA:75,0
DA:76,0
DA:81,0
DA:85,0
DA:86,0
DA:87,0
DA:88,0
DA:96,0
DA:97,0
DA:98,0
DA:99,0
DA:103,0
LF:39
LH:0
BRDA:25,0,0,0
BRDA:29,1,0,0
BRDA:36,2,0,0
BRDA:36,2,1,0
BRDA:52,3,0,0
BRDA:59,4,0,0
BRDA:70,5,0,0
BRDA:70,5,1,0
BRDA:73,6,0,0
BRDA:75,7,0,0
BRDA:85,8,0,0
BRDA:85,9,0,0
BRDA:85,9,1,0
BRDA:96,10,0,0
BRDA:96,10,1,0
BRF:15
BRH:0
end_of_record
TN:
SF:src/server/fastify.ts
FN:38,createServer
FN:55,(anonymous_1)
FN:63,(anonymous_2)
FN:73,(anonymous_3)
FN:84,(anonymous_4)
FN:151,(anonymous_5)
FN:175,startServer
FN:191,(anonymous_7)
FN:198,(anonymous_8)
FN:199,(anonymous_9)
FNF:10
FNH:0
FNDA:0,createServer
FNDA:0,(anonymous_1)
FNDA:0,(anonymous_2)
FNDA:0,(anonymous_3)
FNDA:0,(anonymous_4)
FNDA:0,(anonymous_5)
FNDA:0,startServer
FNDA:0,(anonymous_7)
FNDA:0,(anonymous_8)
FNDA:0,(anonymous_9)
DA:11,0
DA:12,0
DA:33,0
DA:39,0
DA:46,0
DA:52,0
DA:57,0
DA:63,0
DA:64,0
DA:69,0
DA:73,0
DA:74,0
DA:80,0
DA:84,0
DA:85,0
DA:92,0
DA:101,0
DA:102,0
DA:103,0
DA:104,0
DA:105,0
DA:106,0
DA:107,0
DA:108,0
DA:109,0
DA:112,0
DA:113,0
DA:114,0
DA:115,0
DA:116,0
DA:117,0
DA:120,0
DA:123,0
DA:128,0
DA:131,0
DA:135,0
DA:139,0
DA:140,0
DA:142,0
DA:143,0
DA:147,0
DA:151,0
DA:152,0
DA:154,0
DA:155,0
DA:158,0
DA:161,0
DA:162,0
DA:166,0
DA:169,0
DA:176,0
DA:177,0
DA:179,0
DA:184,0
DA:191,0
DA:192,0
DA:193,0
DA:194,0
DA:195,0
DA:198,0
DA:199,0
DA:201,0
DA:203,0
DA:207,0
LF:64
LH:0
BRDA:92,0,0,0
BRDA:92,0,1,0
BRDA:94,1,0,0
BRDA:94,1,1,0
BRDA:95,2,0,0
BRDA:95,2,1,0
BRDA:154,3,0,0
BRDA:163,4,0,0
BRDA:163,4,1,0
BRDA:164,5,0,0
BRDA:164,5,1,0
BRDA:204,6,0,0
BRDA:204,6,1,0
BRDA:205,7,0,0
BRDA:205,7,1,0
BRF:15
BRH:0
end_of_record
TN:
SF:src/server/routes/commands.ts
FN:13,createCommandRoutes
FN:19,(anonymous_1)
FN:32,(anonymous_2)
FN:64,(anonymous_3)
FN:96,(anonymous_4)
FN:132,(anonymous_5)
FN:189,(anonymous_6)
FN:233,(anonymous_7)
FN:264,(anonymous_8)
FNF:9
FNH:0
FNDA:0,createCommandRoutes
FNDA:0,(anonymous_1)
FNDA:0,(anonymous_2)
FNDA:0,(anonymous_3)
FNDA:0,(anonymous_4)
FNDA:0,(anonymous_5)
FNDA:0,(anonymous_6)
FNDA:0,(anonymous_7)
FNDA:0,(anonymous_8)
DA:14,0
DA:15,0
DA:18,0
DA:19,0
DA:20,0
DA:21,0
DA:22,0
DA:32,0
DA:33,0
DA:34,0
DA:36,0
DA:38,0
DA:39,0
DA:44,0
DA:51,0
DA:53,0
DA:54,0
DA:64,0
DA:65,0
DA:66,0
DA:68,0
DA:70,0
DA:71,0
DA:76,0
DA:83,0
DA:85,0
DA:86,0
DA:96,0
DA:97,0
DA:98,0
DA:100,0
DA:102,0
DA:103,0
DA:108,0
DA:109,0
DA:114,0
DA:119,0
DA:121,0
DA:122,0
DA:132,0
DA:133,0
DA:134,0
DA:137,0
DA:153,0
DA:155,0
DA:156,0
DA:157,0
DA:165,0
DA:172,0
DA:178,0
DA:179,0
DA:189,0
DA:190,0
DA:191,0
DA:194,0
DA:201,0
DA:202,0
DA:205,0
DA:208,0
DA:213,0
DA:219,0
DA:223,0
DA:233,0
DA:234,0
DA:235,0
DA:237,0
DA:238,0
DA:240,0
DA:241,0
DA:246,0
DA:248,0
DA:255,0
DA:256,0
DA:264,0
DA:265,0
DA:272,0
LF:76
LH:0
BRDA:20,0,0,0
BRDA:38,1,0,0
BRDA:38,2,0,0
BRDA:38,2,1,0
BRDA:38,2,2,0
BRDA:47,3,0,0
BRDA:47,3,1,0
BRDA:48,4,0,0
BRDA:48,4,1,0
BRDA:51,5,0,0
BRDA:51,5,1,0
BRDA:70,6,0,0
BRDA:70,7,0,0
BRDA:70,7,1,0
BRDA:70,7,2,0
BRDA:83,8,0,0
BRDA:83,8,1,0
BRDA:102,9,0,0
BRDA:102,10,0,0
BRDA:102,10,1,0
BRDA:108,11,0,0
BRDA:156,12,0,0
BRDA:201,13,0,0
BRDA:240,14,0,0
BRF:24
BRH:0
end_of_record
TN:
SF:src/server/routes/dashboard.ts
FN:8,dashboardRoutes
FN:10,(anonymous_1)
FN:20,(anonymous_2)
FN:21,(anonymous_3)
FNF:4
FNH:0
FNDA:0,dashboardRoutes
FNDA:0,(anonymous_1)
FNDA:0,(anonymous_2)
FNDA:0,(anonymous_3)
DA:6,0
DA:10,0
DA:11,0
DA:12,0
DA:17,0
DA:20,0
DA:22,0
DA:23,0
DA:31,0
DA:33,0
LF:10
LH:0
BRDA:35,0,0,0
BRDA:35,0,1,0
BRF:2
BRH:0
end_of_record
TN:
SF:src/server/routes/docs.ts
FN:12,docsRoutes
FN:16,(anonymous_1)
FN:20,(anonymous_2)
FN:21,(anonymous_3)
FN:35,(anonymous_4)
FN:41,(anonymous_5)
FNF:6
FNH:0
FNDA:0,docsRoutes
FNDA:0,(anonymous_1)
FNDA:0,(anonymous_2)
FNDA:0,(anonymous_3)
FNDA:0,(anonymous_4)
FNDA:0,(anonymous_5)
DA:7,0
DA:8,0
DA:10,0
DA:13,0
DA:16,0
DA:17,0
DA:18,0
DA:19,0
DA:20,0
DA:21,0
DA:27,0
DA:29,0
DA:30,0
DA:35,0
DA:36,0
DA:38,0
DA:40,0
DA:41,0
DA:42,0
DA:45,0
DA:46,0
DA:49,0
DA:51,0
DA:57,0
DA:58,0
LF:25
LH:0
BRDA:45,0,0,0
BRF:1
BRH:0
end_of_record
TN:
SF:src/server/routes/documentation.ts
FN:14,createDocumentationRoutes
FN:21,(anonymous_1)
FN:49,(anonymous_2)
FN:82,(anonymous_3)
FN:113,(anonymous_4)
FN:136,(anonymous_5)
FN:163,(anonymous_6)
FN:191,(anonymous_7)
FN:198,(anonymous_8)
FN:215,(anonymous_9)
FN:231,(anonymous_10)
FNF:11
FNH:0
FNDA:0,createDocumentationRoutes
FNDA:0,(anonymous_1)
FNDA:0,(anonymous_2)
FNDA:0,(anonymous_3)
FNDA:0,(anonymous_4)
FNDA:0,(anonymous_5)
FNDA:0,(anonymous_6)
FNDA:0,(anonymous_7)
FNDA:0,(anonymous_8)
FNDA:0,(anonymous_9)
FNDA:0,(anonymous_10)
DA:15,0
DA:21,0
DA:22,0
DA:23,0
DA:25,0
DA:26,0
DA:29,0
DA:34,0
DA:40,0
DA:41,0
DA:49,0
DA:50,0
DA:51,0
DA:53,0
DA:58,0
DA:59,0
DA:63,0
DA:71,0
DA:73,0
DA:74,0
DA:82,0
DA:83,0
DA:84,0
DA:85,0
DA:87,0
DA:98,0
DA:104,0
DA:105,0
DA:113,0
DA:114,0
DA:115,0
DA:117,0
DA:122,0
DA:127,0
DA:128,0
DA:136,0
DA:137,0
DA:138,0
DA:140,0
DA:141,0
DA:142,0
DA:145,0
DA:146,0
DA:148,0
DA:154,0
DA:155,0
DA:163,0
DA:164,0
DA:165,0
DA:167,0
DA:168,0
DA:169,0
DA:170,0
DA:173,0
DA:174,0
DA:176,0
DA:182,0
DA:183,0
DA:191,0
DA:192,0
DA:193,0
DA:195,0
DA:196,0
DA:198,0
DA:200,0
DA:206,0
DA:207,0
DA:215,0
DA:216,0
DA:217,0
DA:218,0
DA:220,0
DA:222,0
DA:223,0
DA:231,0
DA:232,0
DA:233,0
DA:243,0
DA:251,0
DA:256,0
DA:257,0
DA:261,0
LF:82
LH:0
BRDA:23,0,0,0
BRDA:25,1,0,0
BRDA:25,2,0,0
BRDA:25,2,1,0
BRDA:31,3,0,0
BRDA:31,3,1,0
BRDA:31,4,0,0
BRDA:31,4,1,0
BRDA:58,5,0,0
BRDA:85,6,0,0
BRDA:115,7,0,0
BRDA:115,8,0,0
BRF:12
BRH:0
end_of_record
TN:
SF:src/server/routes/health.ts
FN:29,createHealthRoutes
FN:36,(anonymous_1)
FN:48,(anonymous_2)
FNF:3
FNH:0
FNDA:0,createHealthRoutes
FNDA:0,(anonymous_1)
FNDA:0,(anonymous_2)
DA:30,0
DA:31,0
DA:36,0
DA:37,0
DA:48,0
DA:49,0
DA:50,0
DA:51,0
DA:53,0
DA:54,0
DA:58,0
LF:11
LH:0
BRDA:41,0,0,0
BRDA:41,0,1,0
BRF:2
BRH:0
end_of_record
TN:
SF:src/server/routes/hooks.ts
FN:64,registerHookRoutes
FN:70,(anonymous_1)
FN:157,(anonymous_2)
FN:203,(anonymous_3)
FN:250,(anonymous_4)
FN:316,(anonymous_5)
FNF:6
FNH:0
FNDA:0,registerHookRoutes
FNDA:0,(anonymous_1)
FNDA:0,(anonymous_2)
FNDA:0,(anonymous_3)
FNDA:0,(anonymous_4)
FNDA:0,(anonymous_5)
DA:10,0
DA:65,0
DA:70,0
DA:71,0
DA:73,0
DA:79,0
DA:81,0
DA:82,0
DA:101,0
DA:102,0
DA:103,0
DA:110,0
DA:117,0
DA:120,0
DA:127,0
DA:128,0
DA:140,0
DA:142,0
DA:147,0
DA:157,0
DA:158,0
DA:160,0
DA:166,0
DA:168,0
DA:171,0
DA:178,0
DA:189,0
DA:191,0
DA:196,0
DA:203,0
DA:204,0
DA:206,0
DA:213,0
DA:215,0
DA:218,0
DA:225,0
DA:236,0
DA:238,0
DA:243,0
DA:250,0
DA:251,0
DA:253,0
DA:259,0
DA:261,0
DA:262,0
DA:263,0
DA:264,0
DA:267,0
DA:272,0
DA:277,0
DA:284,0
DA:291,0
DA:302,0
DA:304,0
DA:309,0
DA:316,0
DA:317,0
DA:319,0
DA:325,0
DA:327,0
DA:328,0
DA:329,0
DA:330,0
DA:335,0
DA:339,0
DA:346,0
DA:353,0
DA:363,0
DA:365,0
DA:370,0
DA:374,0
LF:71
LH:0
BRDA:81,0,0,0
BRDA:81,0,1,0
BRDA:85,1,0,0
BRDA:85,1,1,0
BRDA:87,2,0,0
BRDA:87,2,1,0
BRDA:102,3,0,0
BRDA:105,4,0,0
BRDA:105,4,1,0
BRDA:112,5,0,0
BRDA:112,5,1,0
BRDA:127,6,0,0
BRDA:143,7,0,0
BRDA:143,7,1,0
BRDA:149,8,0,0
BRDA:149,8,1,0
BRDA:192,9,0,0
BRDA:192,9,1,0
BRDA:239,10,0,0
BRDA:239,10,1,0
BRDA:261,11,0,0
BRDA:278,12,0,0
BRDA:278,12,1,0
BRDA:305,13,0,0
BRDA:305,13,1,0
BRDA:327,14,0,0
BRDA:327,15,0,0
BRDA:327,15,1,0
BRDA:340,16,0,0
BRDA:340,16,1,0
BRDA:366,17,0,0
BRDA:366,17,1,0
BRF:32
BRH:0
end_of_record
TN:
SF:src/server/routes/logs.ts
FN:11,logsRoutes
FN:17,(anonymous_1)
FN:35,(anonymous_2)
FN:54,(anonymous_3)
FN:68,(anonymous_4)
FN:84,(anonymous_5)
FN:112,(anonymous_6)
FN:118,(anonymous_7)
FN:122,(anonymous_8)
FN:144,(anonymous_9)
FN:148,(anonymous_10)
FN:149,(anonymous_11)
FNF:12
FNH:0
FNDA:0,logsRoutes
FNDA:0,(anonymous_1)
FNDA:0,(anonymous_2)
FNDA:0,(anonymous_3)
FNDA:0,(anonymous_4)
FNDA:0,(anonymous_5)
FNDA:0,(anonymous_6)
FNDA:0,(anonymous_7)
FNDA:0,(anonymous_8)
FNDA:0,(anonymous_9)
FNDA:0,(anonymous_10)
FNDA:0,(anonymous_11)
DA:6,0
DA:15,0
DA:18,0
DA:19,0
DA:21,0
DA:22,0
DA:24,0
DA:27,0
DA:35,0
DA:36,0
DA:39,0
DA:41,0
DA:42,0
DA:44,0
DA:48,0
DA:49,0
DA:53,0
DA:54,0
DA:55,0
DA:58,0
DA:65,0
DA:68,0
DA:69,0
DA:70,0
DA:71,0
DA:72,0
DA:75,0
DA:76,0
DA:77,0
DA:78,0
DA:79,0
DA:81,0
DA:82,0
DA:84,0
DA:86,0
DA:87,0
DA:94,0
DA:95,0
DA:97,0
DA:98,0
DA:104,0
DA:112,0
DA:113,0
DA:114,0
DA:118,0
DA:119,0
DA:122,0
DA:123,0
DA:126,0
DA:131,0
DA:136,0
DA:144,0
DA:145,0
DA:146,0
DA:147,0
DA:148,0
DA:150,0
DA:151,0
DA:157,0
DA:162,0
DA:166,0
LF:61
LH:0
BRDA:22,0,0,0
BRDA:22,0,1,0
BRDA:69,1,0,0
BRDA:75,2,0,0
BRDA:75,2,1,0
BRDA:86,3,0,0
BRDA:95,4,0,0
BRDA:105,5,0,0
BRDA:105,5,1,0
BRDA:127,6,0,0
BRDA:127,6,1,0
BRDA:148,7,0,0
BRDA:148,7,1,0
BRDA:163,8,0,0
BRDA:163,8,1,0
BRF:15
BRH:0
end_of_record
TN:
SF:src/server/routes/swarms.ts
FN:13,registerSwarmRoutes
FN:20,(anonymous_1)
FN:26,(anonymous_2)
FN:27,(anonymous_3)
FN:28,(anonymous_4)
FN:33,(anonymous_5)
FN:61,(anonymous_6)
FN:104,(anonymous_7)
FN:113,(anonymous_8)
FN:137,(anonymous_9)
FNF:10
FNH:0
FNDA:0,registerSwarmRoutes
FNDA:0,(anonymous_1)
FNDA:0,(anonymous_2)
FNDA:0,(anonymous_3)
FNDA:0,(anonymous_4)
FNDA:0,(anonymous_5)
FNDA:0,(anonymous_6)
FNDA:0,(anonymous_7)
FNDA:0,(anonymous_8)
FNDA:0,(anonymous_9)
DA:6,0
DA:14,0
DA:15,0
DA:20,0
DA:21,0
DA:22,0
DA:24,0
DA:26,0
DA:27,0
DA:28,0
DA:31,0
DA:33,0
DA:47,0
DA:51,0
DA:61,0
DA:62,0
DA:63,0
DA:65,0
DA:67,0
DA:86,0
DA:90,0
DA:91,0
DA:94,0
DA:104,0
DA:105,0
DA:106,0
DA:108,0
DA:110,0
DA:113,0
DA:123,0
DA:127,0
DA:137,0
[...]
DA:386,0
DA:387,0
DA:389,0
DA:391,0
DA:392,0
DA:402,0
DA:403,0
DA:404,0
DA:407,0
DA:415,0
DA:416,0
DA:417,0
DA:419,0
DA:420,0
DA:425,0
DA:428,0
DA:430,0
DA:433,0
DA:434,0
DA:435,0
DA:436,0
DA:437,0
DA:441,0
DA:442,0
DA:444,0
DA:446,0
DA:447,0
DA:452,0
DA:455,0
DA:456,0
DA:457,0
DA:459,0
DA:460,0
DA:465,0
DA:469,0
DA:471,0
DA:472,0
DA:473,0
DA:475,0
DA:476,0
DA:477,0
DA:479,0
DA:481,0
DA:482,0
DA:487,0
DA:490,0
DA:492,0
DA:493,0
DA:494,0
DA:496,0
DA:497,0
DA:498,0
DA:500,0
DA:502,0
DA:503,0
DA:508,0
DA:512,0
DA:514,0
DA:515,0
DA:516,0
DA:518,0
DA:521,0
DA:522,0
DA:524,0
DA:526,0
DA:527,0
DA:532,0
DA:535,0
DA:536,0
DA:537,0
DA:539,0
DA:540,0
LF:183
LH:0
BRDA:77,0,0,0
BRDA:77,0,1,0
BRDA:79,1,0,0
BRDA:79,1,1,0
BRDA:80,2,0,0
BRDA:80,2,1,0
BRDA:81,3,0,0
BRDA:81,3,1,0
BRDA:82,4,0,0
BRDA:82,4,1,0
BRDA:83,5,0,0
BRDA:83,5,1,0
BRDA:84,6,0,0
BRDA:84,6,1,0
BRDA:135,7,0,0
BRDA:151,8,0,0
BRDA:157,9,0,0
BRDA:158,10,0,0
BRDA:159,11,0,0
BRDA:160,12,0,0
BRDA:161,13,0,0
BRDA:162,14,0,0
BRDA:163,15,0,0
BRDA:180,16,0,0
BRDA:180,17,0,0
BRDA:180,17,1,0
BRDA:194,18,0,0
BRDA:230,19,0,0
BRDA:235,20,0,0
BRDA:238,21,0,0
BRDA:241,22,0,0
BRDA:254,23,0,0
BRDA:304,24,0,0
BRDA:344,25,0,0
BRDA:364,26,0,0
BRDA:386,27,0,0
BRDA:433,28,0,0
BRDA:436,29,0,0
BRDA:441,30,0,0
BRDA:473,31,0,0
BRDA:473,31,1,0
BRDA:476,32,0,0
BRDA:494,33,0,0
BRDA:494,33,1,0
BRDA:497,34,0,0
BRDA:516,35,0,0
BRDA:516,35,1,0
BRDA:521,36,0,0
BRF:48
BRH:0
end_of_record
TN:
SF:src/tracker/routes/worktrees.ts
FN:20,(anonymous_0)
FN:22,(anonymous_1)
FN:35,(anonymous_2)
FN:65,(anonymous_3)
FN:107,(anonymous_4)
FN:124,(anonymous_5)
FNF:6
FNH:0
FNDA:0,(anonymous_0)
FNDA:0,(anonymous_1)
FNDA:0,(anonymous_2)
FNDA:0,(anonymous_3)
FNDA:0,(anonymous_4)
FNDA:0,(anonymous_5)
DA:20,0
DA:22,0
DA:23,0
DA:24,0
DA:25,0
DA:27,0
DA:28,0
DA:33,0
DA:36,0
DA:37,0
DA:40,0
DA:42,0
DA:47,0
DA:48,0
DA:50,0
DA:51,0
DA:56,0
DA:66,0
DA:67,0
DA:70,0
DA:71,0
DA:77,0
DA:78,0
DA:81,0
DA:90,0
DA:92,0
DA:93,0
DA:98,0
DA:108,0
DA:109,0
DA:110,0
DA:111,0
DA:113,0
DA:114,0
DA:116,0
DA:117,0
DA:122,0
DA:125,0
DA:126,0
DA:128,0
DA:129,0
DA:132,0
DA:134,0
DA:135,0
LF:44
LH:0
BRDA:47,0,0,0
BRDA:70,1,0,0
BRDA:70,2,0,0
BRDA:70,2,1,0
BRDA:70,2,2,0
BRDA:70,2,3,0
BRDA:70,2,4,0
BRDA:77,3,0,0
BRDA:113,4,0,0
BRDA:128,5,0,0
BRF:10
BRH:0
end_of_record
TN:
SF:src/tracker/services/agent-manager.ts
FN:24,getSessionPath
FN:32,generateSessionId
FN:40,loadAgentIndex
FN:78,saveAgentIndex
FN:92,createSession
FN:133,getSession
FN:148,updateSession
FN:170,endSession
FN:214,listActiveSessions
FN:217,(anonymous_9)
FN:218,(anonymous_10)
FN:226,listSessionsForIssue
FN:231,(anonymous_12)
FN:232,(anonymous_13)
FN:233,(anonymous_14)
FN:244,addLogEntry
FNF:16
FNH:0
FNDA:0,getSessionPath
FNDA:0,generateSessionId
FNDA:0,loadAgentIndex
FNDA:0,saveAgentIndex
FNDA:0,createSession
FNDA:0,getSession
FNDA:0,updateSession
FNDA:0,endSession
FNDA:0,listActiveSessions
FNDA:0,(anonymous_9)
FNDA:0,(anonymous_10)
FNDA:0,listSessionsForIssue
FNDA:0,(anonymous_12)
FNDA:0,(anonymous_13)
FNDA:0,(anonymous_14)
FNDA:0,addLogEntry
DA:16,0
DA:17,0
DA:25,0
DA:33,0
DA:41,0
DA:42,0
DA:43,0
DA:46,0
DA:69,0
DA:70,0
DA:79,0
DA:80,0
DA:81,0
DA:98,0
DA:99,0
DA:101,0
DA:114,0
DA:115,0
DA:118,0
DA:119,0
DA:120,0
DA:121,0
DA:122,0
DA:123,0
DA:125,0
DA:134,0
DA:135,0
DA:136,0
DA:138,0
DA:152,0
DA:153,0
DA:155,0
DA:157,0
DA:158,0
DA:160,0
DA:175,0
DA:176,0
DA:178,0
DA:179,0
DA:180,0
DA:181,0
DA:182,0
DA:186,0
DA:187,0
DA:190,0
DA:193,0
DA:194,0
DA:195,0
DA:197,0
DA:198,0
DA:202,0
DA:203,0
DA:205,0
DA:207,0
DA:215,0
DA:216,0
DA:217,0
DA:218,0
DA:227,0
DA:228,0
DA:230,0
DA:231,0
DA:232,0
DA:233,0
DA:250,0
DA:251,0
DA:253,0
DA:260,0
DA:261,0
DA:263,0
LF:70
LH:0
BRDA:153,0,0,0
BRDA:176,1,0,0
BRDA:181,2,0,0
BRDA:194,3,0,0
BRDA:197,4,0,0
BRDA:232,5,0,0
BRDA:232,5,1,0
BRDA:251,6,0,0
BRF:8
BRH:0
end_of_record
TN:
SF:src/tracker/services/board-manager.ts
FN:26,loadBoard
FN:42,saveBoard
FN:55,createBoard
FN:109,listBoards
FN:116,(anonymous_4)
FN:121,(anonymous_5)
FN:130,deleteBoard
FN:155,boardExists
FN:167,updateBoard
FN:190,addToBoard
FN:191,(anonymous_10)
FN:203,removeFromBoard
FN:204,(anonymous_12)
FN:218,moveOnBoard
FN:235,reorderInColumn
FN:241,(anonymous_15)
FN:260,getColumn
FN:261,(anonymous_17)
FN:270,isWipLimitExceeded
FNF:19
FNH:0
FNDA:0,loadBoard
FNDA:0,saveBoard
FNDA:0,createBoard
FNDA:0,listBoards
FNDA:0,(anonymous_4)
FNDA:0,(anonymous_5)
FNDA:0,deleteBoard
FNDA:0,boardExists
FNDA:0,updateBoard
FNDA:0,addToBoard
FNDA:0,(anonymous_10)
FNDA:0,removeFromBoard
FNDA:0,(anonymous_12)
FNDA:0,moveOnBoard
FNDA:0,reorderInColumn
FNDA:0,(anonymous_15)
FNDA:0,getColumn
FNDA:0,(anonymous_17)
FNDA:0,isWipLimitExceeded
DA:27,0
DA:29,0
DA:30,0
DA:33,0
DA:43,0
DA:44,0
DA:45,0
DA:46,0
DA:64,0
DA:66,0
DA:67,0
DA:71,0
DA:74,0
DA:82,0
DA:96,0
DA:99,0
DA:101,0
DA:110,0
DA:112,0
DA:113,0
DA:116,0
DA:117,0
DA:118,0
DA:121,0
DA:131,0
DA:133,0
DA:134,0
DA:138,0
DA:141,0
DA:146,0
DA:156,0
DA:157,0
DA:172,0
DA:175,0
DA:176,0
DA:177,0
DA:178,0
DA:180,0
DA:181,0
DA:191,0
DA:192,0
DA:193,0
DA:204,0
DA:205,0
DA:206,0
DA:207,0
DA:224,0
DA:225,0
DA:241,0
DA:242,0
DA:244,0
DA:245,0
DA:248,0
DA:251,0
DA:261,0
DA:271,0
DA:272,0
DA:273,0
LF:58
LH:0
BRDA:29,0,0,0
BRDA:66,1,0,0
BRDA:90,2,0,0
BRDA:90,2,1,0
BRDA:112,3,0,0
BRDA:133,4,0,0
BRDA:175,5,0,0
BRDA:176,6,0,0
BRDA:177,7,0,0
BRDA:178,8,0,0
BRDA:192,9,0,0
BRDA:192,10,0,0
BRDA:192,10,1,0
BRDA:205,11,0,0
BRDA:207,12,0,0
BRDA:242,13,0,0
BRDA:245,14,0,0
BRDA:272,15,0,0
BRDA:272,16,0,0
BRDA:272,16,1,0
BRF:20
BRH:0
end_of_record
TN:
SF:src/tracker/services/comment-manager.ts
FN:24,getCommentsDir
FN:35,getCommentPath
FN:44,getCommentsDirLegacy
FN:54,getCommentPathLegacy
FN:62,generateCommentId
FN:74,createCommentInWorktree
FN:108,createComment
FN:117,listComments
FN:121,(anonymous_8)
FN:128,(anonymous_9)
FN:138,getComment
FN:154,updateComment
FN:177,deleteComment
FN:191,deleteAllComments
FN:195,(anonymous_14)
FNF:15
FNH:0
FNDA:0,getCommentsDir
FNDA:0,getCommentPath
FNDA:0,getCommentsDirLegacy
FNDA:0,getCommentPathLegacy
FNDA:0,generateCommentId
FNDA:0,createCommentInWorktree
FNDA:0,createComment
FNDA:0,listComments
FNDA:0,(anonymous_8)
FNDA:0,(anonymous_9)
FNDA:0,getComment
FNDA:0,updateComment
FNDA:0,deleteComment
FNDA:0,deleteAllComments
FNDA:0,(anonymous_14)
DA:25,0
DA:36,0
DA:45,0
DA:55,0
DA:63,0
DA:80,0
DA:81,0
DA:83,0
DA:92,0
DA:93,0
DA:95,0
DA:96,0
DA:98,0
DA:109,0
DA:118,0
DA:119,0
DA:121,0
DA:122,0
DA:123,0
DA:127,0
DA:128,0
DA:139,0
DA:140,0
DA:141,0
DA:143,0
DA:159,0
DA:160,0
DA:162,0
DA:163,0
DA:165,0
DA:166,0
DA:168,0
DA:178,0
DA:179,0
DA:180,0
DA:181,0
DA:183,0
DA:192,0
DA:193,0
DA:195,0
DA:196,0
DA:197,0
LF:42
LH:0
BRDA:160,0,0,0
BRF:1
BRH:0
end_of_record
TN:
SF:src/tracker/services/documentation-manager.ts
FN:23,getDocumentationDir
FN:33,getDocumentationPath
FN:41,generateDocId
FN:51,createDocumentation
FN:110,getDocumentation
FN:128,listDocumentation
FN:146,(anonymous_6)
FN:153,(anonymous_7)
FN:156,(anonymous_8)
FN:159,(anonymous_9)
FN:162,(anonymous_10)
FN:165,(anonymous_11)
FN:166,(anonymous_12)
FN:171,(anonymous_13)
FN:183,updateDocumentation
FN:228,deleteDocumentation
FN:246,linkDocumentation
FN:272,linkDocumentationToIssue
FN:297,getDocumentationForIssue
FN:307,(anonymous_19)
FN:317,searchDocumentation
FN:321,(anonymous_21)
FN:325,(anonymous_22)
FNF:23
FNH:0
FNDA:0,getDocumentationDir
FNDA:0,getDocumentationPath
FNDA:0,generateDocId
FNDA:0,createDocumentation
FNDA:0,getDocumentation
FNDA:0,listDocumentation
FNDA:0,(anonymous_6)
FNDA:0,(anonymous_7)
FNDA:0,(anonymous_8)
FNDA:0,(anonymous_9)
FNDA:0,(anonymous_10)
FNDA:0,(anonymous_11)
FNDA:0,(anonymous_12)
FNDA:0,(anonymous_13)
FNDA:0,updateDocumentation
FNDA:0,deleteDocumentation
FNDA:0,linkDocumentation
FNDA:0,linkDocumentationToIssue
FNDA:0,getDocumentationForIssue
FNDA:0,(anonymous_19)
FNDA:0,searchDocumentation
FNDA:0,(anonymous_21)
FNDA:0,(anonymous_22)
DA:24,0
DA:34,0
DA:42,0
DA:69,0
DA:70,0
DA:72,0
DA:95,0
DA:96,0
DA:98,0
DA:99,0
DA:101,0
DA:111,0
DA:112,0
DA:113,0
DA:114,0
DA:116,0
DA:118,0
DA:138,0
DA:140,0
DA:141,0
DA:144,0
DA:146,0
DA:147,0
DA:148,0
DA:152,0
DA:153,0
DA:155,0
DA:156,0
DA:158,0
DA:159,0
DA:161,0
DA:162,0
DA:164,0
DA:165,0
DA:166,0
DA:171,0
DA:172,0
DA:197,0
DA:198,0
DA:201,0
DA:202,0
DA:203,0
DA:204,0
DA:205,0
DA:213,0
DA:214,0
DA:216,0
DA:217,0
DA:219,0
DA:229,0
DA:231,0
DA:232,0
DA:235,0
DA:236,0
DA:251,0
DA:252,0
DA:255,0
DA:256,0
DA:259,0
DA:260,0
DA:262,0
DA:277,0
DA:278,0
DA:281,0
DA:282,0
DA:285,0
DA:286,0
DA:288,0
DA:301,0
DA:306,0
DA:307,0
DA:318,0
DA:319,0
DA:321,0
DA:322,0
DA:325,0
LF:76
LH:0
BRDA:81,0,0,0
BRDA:81,0,1,0
BRDA:83,1,0,0
BRDA:83,1,1,0
BRDA:84,2,0,0
BRDA:84,2,1,0
BRDA:85,3,0,0
BRDA:85,3,1,0
BRDA:113,4,0,0
BRDA:140,5,0,0
BRDA:152,6,0,0
BRDA:155,7,0,0
BRDA:158,8,0,0
BRDA:161,9,0,0
BRDA:164,10,0,0
BRDA:164,11,0,0
BRDA:164,11,1,0
BRDA:198,12,0,0
BRDA:201,13,0,0
BRDA:202,14,0,0
BRDA:203,15,0,0
BRDA:204,16,0,0
BRDA:206,17,0,0
BRDA:206,17,1,0
BRDA:207,18,0,0
BRDA:207,18,1,0
BRDA:208,19,0,0
BRDA:208,19,1,0
BRDA:231,20,0,0
BRDA:252,21,0,0
BRDA:255,22,0,0
BRDA:278,23,0,0
BRDA:281,24,0,0
BRDA:307,25,0,0
BRDA:307,25,1,0
BRDA:323,26,0,0
BRDA:323,26,1,0
BRDA:323,26,2,0
BRF:38
BRH:0
end_of_record
TN:
SF:src/tracker/services/file-storage.ts
FN:16,readJsonSync
FN:26,writeJsonSync
FN:40,ensureDir
FN:51,fileExists
FN:60,readMarkdown
FN:69,writeMarkdown
FN:79,deleteFile
FN:91,listFiles
FN:99,(anonymous_8)
FN:109,getTrackerRoot
FN:118,getTrackerPath
FN:128,getWorktreePath
FN:139,getBoardPath
FN:150,getIssuePath
FNF:14
FNH:0
FNDA:0,readJsonSync
FNDA:0,writeJsonSync
FNDA:0,ensureDir
FNDA:0,fileExists
FNDA:0,readMarkdown
FNDA:0,writeMarkdown
FNDA:0,deleteFile
FNDA:0,listFiles
FNDA:0,(anonymous_8)
FNDA:0,getTrackerRoot
FNDA:0,getTrackerPath
FNDA:0,getWorktreePath
FNDA:0,getBoardPath
FNDA:0,getIssuePath
DA:17,0
DA:18,0
DA:27,0
DA:28,0
DA:31,0
DA:32,0
DA:33,0
DA:41,0
DA:42,0
DA:52,0
DA:61,0
DA:70,0
DA:71,0
DA:72,0
DA:80,0
DA:81,0
DA:92,0
DA:93,0
DA:96,0
DA:98,0
DA:99,0
DA:102,0
DA:110,0
DA:119,0
DA:129,0
DA:140,0
DA:151,0
LF:27
LH:0
BRDA:41,0,0,0
BRDA:80,1,0,0
BRDA:92,2,0,0
BRDA:98,3,0,0
BRF:4
BRH:0
end_of_record
TN:
SF:src/tracker/services/index-manager.ts
FN:16,loadIndex
FN:31,saveIndex
FN:43,addToIndex
FN:98,removeFromIndexArrays
FN:136,updateIndex
FN:149,removeFromIndex
FN:166,getIssuesByStatus
FN:176,getIssuesByType
FN:186,getChildIssues
FN:196,getIssuesByBoard
FN:205,getNextIssueId
FNF:11
FNH:0
FNDA:0,loadIndex
FNDA:0,saveIndex
FNDA:0,addToIndex
FNDA:0,removeFromIndexArrays
FNDA:0,updateIndex
FNDA:0,removeFromIndex
FNDA:0,getIssuesByStatus
FNDA:0,getIssuesByType
FNDA:0,getChildIssues
FNDA:0,getIssuesByBoard
FNDA:0,getNextIssueId
DA:17,0
DA:19,0
DA:20,0
DA:23,0
DA:32,0
DA:33,0
DA:34,0
DA:35,0
DA:45,0
DA:57,0
DA:58,0
DA:60,0
DA:61,0
DA:65,0
DA:66,0
DA:68,0
DA:69,0
DA:73,0
DA:74,0
DA:75,0
DA:77,0
DA:78,0
DA:83,0
DA:84,0
DA:86,0
DA:87,0
DA:90,0
DA:100,0
DA:101,0
DA:102,0
DA:103,0
DA:107,0
DA:108,0
DA:109,0
DA:110,0
DA:114,0
DA:115,0
DA:116,0
DA:117,0
DA:118,0
DA:123,0
DA:124,0
DA:125,0
DA:126,0
DA:138,0
DA:141,0
DA:151,0
DA:154,0
DA:157,0
DA:167,0
DA:177,0
DA:187,0
DA:197,0
DA:206,0
DA:209,0
DA:210,0
DA:211,0
DA:212,0
LF:58
LH:0
BRDA:19,0,0,0
BRDA:57,1,0,0
BRDA:60,2,0,0
BRDA:65,3,0,0
BRDA:68,4,0,0
BRDA:73,5,0,0
BRDA:74,6,0,0
BRDA:77,7,0,0
BRDA:83,8,0,0
BRDA:86,9,0,0
BRDA:101,10,0,0
BRDA:103,11,0,0
BRDA:108,12,0,0
BRDA:110,13,0,0
BRDA:114,14,0,0
BRDA:116,15,0,0
BRDA:118,16,0,0
BRDA:124,17,0,0
BRDA:126,18,0,0
BRDA:167,19,0,0
BRDA:167,19,1,0
BRDA:177,20,0,0
BRDA:177,20,1,0
BRDA:187,21,0,0
BRDA:187,21,1,0
BRDA:197,22,0,0
BRDA:197,22,1,0
BRF:27
BRH:0
end_of_record
TN:
SF:src/tracker/services/watcher.ts
FN:22,(anonymous_0)
FN:56,(anonymous_1)
FN:57,(anonymous_2)
FN:58,(anonymous_3)
FN:59,(anonymous_4)
FN:70,(anonymous_5)
FN:85,(anonymous_6)
FN:95,(anonymous_7)
FN:105,(anonymous_8)
FN:115,(anonymous_9)
FN:245,(anonymous_10)
FNF:11
FNH:0
FNDA:0,(anonymous_0)
FNDA:0,(anonymous_1)
FNDA:0,(anonymous_2)
FNDA:0,(anonymous_3)
FNDA:0,(anonymous_4)
FNDA:0,(anonymous_5)
FNDA:0,(anonymous_6)
FNDA:0,(anonymous_7)
FNDA:0,(anonymous_8)
FNDA:0,(anonymous_9)
FNDA:0,(anonymous_10)
DA:13,0
DA:16,0
DA:17,0
DA:23,0
DA:24,0
DA:25,0
DA:28,0
DA:30,0
DA:33,0
DA:56,0
DA:57,0
DA:58,0
DA:59,0
DA:60,0
DA:63,0
DA:64,0
DA:71,0
DA:72,0
DA:75,0
DA:76,0
DA:77,0
DA:78,0
DA:79,0
DA:86,0
DA:87,0
DA:88,0
DA:96,0
DA:97,0
DA:98,0
DA:106,0
DA:107,0
DA:108,0
DA:119,0
DA:120,0
DA:123,0
DA:124,0
DA:126,0
DA:127,0
DA:131,0
DA:132,0
DA:136,0
DA:137,0
DA:145,0
DA:146,0
DA:153,0
DA:154,0
DA:155,0
DA:162,0
DA:163,0
DA:165,0
DA:166,0
DA:170,0
DA:171,0
DA:181,0
DA:182,0
DA:184,0
DA:185,0
DA:189,0
DA:190,0
DA:194,0
DA:195,0
DA:203,0
DA:204,0
DA:211,0
DA:212,0
DA:213,0
DA:214,0
DA:215,0
DA:223,0
DA:224,0
DA:226,0
DA:227,0
DA:231,0
DA:232,0
DA:239,0
DA:246,0
DA:247,0
DA:248,0
DA:250,0
DA:256,0
LF:80
LH:0
BRDA:23,0,0,0
BRDA:71,1,0,0
BRDA:71,2,0,0
BRDA:71,2,1,0
BRDA:87,3,0,0
BRDA:97,4,0,0
BRDA:107,5,0,0
BRDA:123,6,0,0
BRDA:123,7,0,0
BRDA:123,7,1,0
BRDA:123,7,2,0
BRDA:123,7,3,0
BRDA:126,8,0,0
BRDA:126,8,1,0
BRDA:131,9,0,0
BRDA:131,9,1,0
BRDA:136,10,0,0
BRDA:145,11,0,0
BRDA:145,12,0,0
BRDA:145,12,1,0
BRDA:145,12,2,0
BRDA:145,12,3,0
BRDA:153,13,0,0
BRDA:153,14,0,0
BRDA:153,14,1,0
BRDA:153,14,2,0
BRDA:162,15,0,0
BRDA:162,16,0,0
BRDA:162,16,1,0
BRDA:162,16,2,0
BRDA:162,16,3,0
BRDA:165,17,0,0
BRDA:165,17,1,0
BRDA:170,18,0,0
BRDA:181,19,0,0
BRDA:181,20,0,0
BRDA:181,20,1,0
BRDA:184,21,0,0
BRDA:184,21,1,0
BRDA:189,22,0,0
BRDA:189,22,1,0
BRDA:194,23,0,0
BRDA:203,24,0,0
BRDA:211,25,0,0
BRDA:213,26,0,0
BRDA:223,27,0,0
BRDA:223,28,0,0
BRDA:223,28,1,0
BRDA:226,29,0,0
BRDA:226,29,1,0
BRDA:231,30,0,0
BRF:51
BRH:0
end_of_record
TN:
SF:src/tracker/services/worktree-manager.ts
FN:26,loadWorktree
FN:40,saveWorktree
FN:51,createWorktree
FN:109,listWorktrees
FN:116,(anonymous_4)
FN:121,(anonymous_5)
FN:129,deleteWorktree
FN:151,addBoardToWorktree
FN:167,removeBoardFromWorktree
FN:184,worktreeExists
FN:195,updateWorktree
FNF:11
FNH:0
FNDA:0,loadWorktree
FNDA:0,saveWorktree
FNDA:0,createWorktree
FNDA:0,listWorktrees
FNDA:0,(anonymous_4)
FNDA:0,(anonymous_5)
FNDA:0,deleteWorktree
FNDA:0,addBoardToWorktree
FNDA:0,removeBoardFromWorktree
FNDA:0,worktreeExists
FNDA:0,updateWorktree
DA:27,0
DA:29,0
DA:30,0
DA:33,0
DA:41,0
DA:42,0
DA:43,0
DA:59,0
DA:61,0
DA:62,0
DA:65,0
DA:78,0
DA:79,0
DA:80,0
DA:81,0
DA:84,0
DA:87,0
DA:88,0
DA:102,0
DA:110,0
DA:112,0
DA:113,0
DA:116,0
DA:117,0
DA:118,0
DA:121,0
DA:130,0
DA:132,0
DA:133,0
DA:137,0
DA:143,0
DA:152,0
DA:154,0
DA:155,0
DA:158,0
DA:159,0
DA:168,0
DA:170,0
DA:171,0
DA:172,0
DA:175,0
DA:176,0
DA:185,0
DA:186,0
DA:199,0
DA:202,0
DA:203,0
DA:204,0
DA:205,0
DA:206,0
DA:207,0
DA:209,0
DA:210,0
LF:53
LH:0
BRDA:29,0,0,0
BRDA:61,1,0,0
BRDA:112,2,0,0
BRDA:132,3,0,0
BRDA:154,4,0,0
BRDA:171,5,0,0
BRDA:202,6,0,0
BRDA:203,7,0,0
BRDA:204,8,0,0
BRDA:205,9,0,0
BRDA:206,10,0,0
BRDA:207,11,0,0
BRF:12
BRH:0
end_of_record
TN:
SF:src/utils/env-generator.ts
FN:31,generateEnvFile
FN:99,generateWorktreeConfig
FNF:2
FNH:0
FNDA:0,generateEnvFile
FNDA:0,generateWorktreeConfig
DA:32,0
DA:35,0
DA:36,0
DA:39,0
DA:42,0
DA:45,0
DA:46,0
DA:47,0
DA:50,0
DA:51,0
DA:52,0
DA:58,0
DA:59,0
DA:60,0
DA:61,0
DA:62,0
DA:63,0
DA:66,0
DA:67,0
DA:71,0
DA:77,0
DA:83,0
DA:86,0
DA:89,0
DA:90,0
DA:100,0
DA:102,0
DA:112,0
DA:113,0
LF:29
LH:0
BRDA:105,0,0,0
BRDA:105,0,1,0
BRF:2
BRH:0
end_of_record
TN:
SF:src/utils/logger.ts
FN:10,(anonymous_0)
FN:30,createLogger
FNF:2
FNH:0
FNDA:0,(anonymous_0)
FNDA:0,createLogger
DA:7,0
DA:11,0
DA:31,0
LF:3
LH:0
BRDA:8,0,0,0
BRDA:8,0,1,0
BRDA:15,1,0,0
BRDA:15,1,1,0
BRF:4
BRH:0
end_of_record
TN:
SF:src/utils/port-allocator.ts
FN:24,findNextAvailableIndex
FN:27,(anonymous_1)
FN:53,calculatePorts
FN:67,isIndexAvailable
FN:76,(anonymous_4)
FN:84,getAllocatedIndices
FN:86,(anonymous_6)
FN:86,(anonymous_7)
FNF:8
FNH:0
FNDA:0,findNextAvailableIndex
FNDA:0,(anonymous_1)
FNDA:0,calculatePorts
FNDA:0,isIndexAvailable
FNDA:0,(anonymous_4)
FNDA:0,getAllocatedIndices
FNDA:0,(anonymous_6)
FNDA:0,(anonymous_7)
DA:26,0
DA:27,0
DA:30,0
DA:33,0
DA:34,0
DA:35,0
DA:39,0
DA:54,0
DA:55,0
DA:69,0
DA:70,0
DA:71,0
DA:75,0
DA:76,0
DA:78,0
DA:85,0
DA:86,0
LF:17
LH:0
BRDA:34,0,0,0
BRDA:34,1,0,0
BRDA:34,1,1,0
BRDA:70,2,0,0
BRF:4
BRH:0
end_of_record
TN:
SF:src/workflows/BatchCoordinatorWorkflow.ts
FN:94,BatchCoordinatorWorkflow
FN:131,(anonymous_1)
FN:144,(anonymous_2)
FN:147,(anonymous_3)
FN:150,(anonymous_4)
FN:157,(anonymous_5)
FN:170,(anonymous_6)
FN:186,(anonymous_7)
FN:192,(anonymous_8)
FN:200,(anonymous_9)
FN:218,(anonymous_10)
FN:230,(anonymous_11)
FN:240,(anonymous_12)
FN:256,(anonymous_13)
FN:261,(anonymous_14)
FN:282,spawnIssueWorkflow
FNF:16
FNH:0
FNDA:0,BatchCoordinatorWorkflow
FNDA:0,(anonymous_1)
FNDA:0,(anonymous_2)
FNDA:0,(anonymous_3)
FNDA:0,(anonymous_4)
FNDA:0,(anonymous_5)
FNDA:0,(anonymous_6)
FNDA:0,(anonymous_7)
FNDA:0,(anonymous_8)
FNDA:0,(anonymous_9)
FNDA:0,(anonymous_10)
FNDA:0,(anonymous_11)
FNDA:0,(anonymous_12)
FNDA:0,(anonymous_13)
FNDA:0,(anonymous_14)
FNDA:0,spawnIssueWorkflow
DA:26,0
DA:76,0
DA:77,0
DA:98,0
DA:110,0
DA:111,0
DA:113,0
DA:121,0
DA:122,0
DA:123,0
DA:125,0
DA:131,0
DA:132,0
DA:144,0
DA:147,0
DA:150,0
DA:151,0
DA:152,0
DA:156,0
DA:157,0
DA:161,0
DA:166,0
DA:168,0
DA:170,0
DA:172,0
DA:176,0
DA:180,0
DA:181,0
DA:185,0
DA:186,0
DA:189,0
DA:191,0
DA:192,0
DA:196,0
DA:200,0
DA:201,0
DA:202,0
DA:203,0
DA:205,0
DA:209,0
DA:212,0
DA:214,0
DA:215,0
DA:218,0
DA:219,0
DA:220,0
DA:221,0
DA:222,0
DA:223,0
DA:227,0
DA:230,0
DA:231,0
DA:232,0
DA:233,0
DA:234,0
DA:240,0
DA:242,0
DA:246,0
DA:250,0
DA:251,0
DA:255,0
DA:256,0
DA:260,0
DA:261,0
DA:267,0
DA:269,0
DA:271,0
DA:272,0
DA:286,0
DA:288,0
DA:296,0
DA:309,0
LF:72
LH:0
BRDA:122,0,0,0
BRDA:122,0,1,0
BRDA:122,1,0,0
BRDA:122,1,1,0
BRDA:151,2,0,0
BRDA:151,2,1,0
BRDA:168,3,0,0
BRDA:168,3,1,0
BRDA:172,4,0,0
BRDA:173,5,0,0
BRDA:173,5,1,0
BRDA:180,6,0,0
BRDA:185,7,0,0
BRDA:185,7,1,0
BRDA:189,8,0,0
BRDA:189,8,1,0
BRDA:214,9,0,0
BRDA:214,9,1,0
BRDA:219,10,0,0
BRDA:221,11,0,0
BRDA:231,12,0,0
BRDA:233,13,0,0
BRDA:242,14,0,0
BRDA:243,15,0,0
BRDA:243,15,1,0
BRDA:250,16,0,0
BRDA:255,17,0,0
BRDA:255,17,1,0
BRDA:271,18,0,0
BRF:29
BRH:0
end_of_record
TN:
SF:src/workflows/IssueLifecycleWorkflow.ts
FN:82,(anonymous_0)
FN:150,IssueLifecycleWorkflow
FN:170,(anonymous_2)
FN:176,(anonymous_3)
FN:193,(anonymous_4)
FN:199,(anonymous_5)
FN:205,(anonymous_6)
FN:210,(anonymous_7)
FN:217,(anonymous_8)
FN:218,(anonymous_9)
FN:219,(anonymous_10)
FN:251,(anonymous_11)
FN:268,(anonymous_12)
FN:291,(anonymous_13)
FN:325,(anonymous_14)
FN:392,addHistory
FNF:16
FNH:0
FNDA:0,(anonymous_0)
FNDA:0,IssueLifecycleWorkflow
FNDA:0,(anonymous_2)
FNDA:0,(anonymous_3)
FNDA:0,(anonymous_4)
FNDA:0,(anonymous_5)
FNDA:0,(anonymous_6)
FNDA:0,(anonymous_7)
FNDA:0,(anonymous_8)
FNDA:0,(anonymous_9)
FNDA:0,(anonymous_10)
FNDA:0,(anonymous_11)
FNDA:0,(anonymous_12)
FNDA:0,(anonymous_13)
FNDA:0,(anonymous_14)
FNDA:0,addHistory
DA:50,0
DA:82,0
DA:83,0
DA:84,0
DA:85,0
DA:86,0
DA:87,0
DA:88,0
DA:89,0
DA:90,0
DA:122,0
DA:126,0
DA:130,0
DA:134,0
DA:138,0
DA:140,0
DA:143,0
DA:144,0
DA:145,0
DA:152,0
DA:165,0
DA:166,0
DA:167,0
DA:168,0
DA:170,0
DA:171,0
DA:172,0
DA:173,0
DA:176,0
DA:177,0
DA:183,0
DA:184,0
DA:186,0
DA:187,0
DA:190,0
DA:193,0
DA:194,0
DA:195,0
DA:196,0
DA:199,0
DA:200,0
DA:201,0
DA:202,0
DA:205,0
DA:206,0
DA:207,0
DA:210,0
DA:211,0
DA:212,0
DA:213,0
DA:217,0
DA:218,0
DA:219,0
DA:222,0
DA:224,0
DA:225,0
DA:227,0
DA:234,0
DA:237,0
DA:238,0
DA:240,0
DA:248,0
DA:251,0
DA:252,0
DA:253,0
DA:257,0
DA:258,0
DA:260,0
DA:263,0
DA:268,0
DA:270,0
DA:271,0
DA:272,0
DA:278,0
DA:279,0
DA:281,0
DA:284,0
DA:291,0
DA:292,0
DA:293,0
DA:296,0
DA:299,0
DA:300,0
DA:304,0
DA:309,0
DA:312,0
DA:313,0
DA:315,0
DA:317,0
DA:325,0
DA:326,0
DA:327,0
DA:328,0
DA:331,0
DA:332,0
DA:335,0
DA:336,0
DA:338,0
DA:344,0
DA:347,0
DA:348,0
DA:350,0
DA:352,0
DA:363,0
DA:366,0
DA:367,0
DA:369,0
DA:370,0
DA:380,0
DA:385,0
DA:393,0
LF:111
LH:0
BRDA:82,0,0,0
BRDA:82,0,1,0
BRDA:186,1,0,0
BRDA:252,2,0,0
BRDA:263,3,0,0
BRDA:263,3,1,0
BRDA:270,4,0,0
BRDA:292,5,0,0
BRDA:299,6,0,0
BRDA:299,7,0,0
BRDA:299,7,1,0
BRDA:326,8,0,0
BRDA:355,9,0,0
BRDA:355,9,1,0
BRF:14
BRH:0
end_of_record
